#
# There is insufficient memory for the Java Runtime Environment to continue.
# Native memory allocation (malloc) failed to allocate 359760 bytes for Chunk::new
# Possible reasons:
#   The system is out of physical RAM or swap space
#   The process is running with CompressedOops enabled, and the Java Heap may be blocking the growth of the native heap
# Possible solutions:
#   Reduce memory load on the system
#   Increase physical memory or swap space
#   Check if swap backing store is full
#   Decrease Java heap size (-Xmx/-Xms)
#   Decrease number of Java threads
#   Decrease Java thread stack sizes (-Xss)
#   Set larger code cache with -XX:ReservedCodeCacheSize=
#   JVM is running with Unscaled Compressed Oops mode in which the Java heap is
#     placed in the first 4GB address space. The Java Heap base address is the
#     maximum limit for the native heap growth. Please use -XX:HeapBaseMinAddress
#     to set the Java Heap base and to place the Java Heap above 4GB virtual address.
# This output file may be truncated or incomplete.
#
#  Out of Memory Error (arena.cpp:189), pid=33860, tid=8488
#
# JRE version: OpenJDK Runtime Environment Temurin-17.0.7+7 (17.0.7+7) (build 17.0.7+7)
# Java VM: OpenJDK 64-Bit Server VM Temurin-17.0.7+7 (17.0.7+7, mixed mode, tiered, compressed oops, compressed class ptrs, g1 gc, windows-amd64)
# No core dump will be written. Minidumps are not enabled by default on client versions of Windows
#

---------------  S U M M A R Y ------------

Command Line: -Dfile.encoding=UTF-8 -XX:+ShowCodeDetailsInExceptionMessages Product.DeleteProduct

Host: 12th Gen Intel(R) Core(TM) i3-1220P, 12 cores, 3G,  Windows 11 , 64 bit Build 22621 (10.0.22621.3958)
Time: Fri Sep 27 22:35:30 2024 Pacific Daylight Time elapsed time: 5.863927 seconds (0d 0h 0m 5s)

---------------  T H R E A D  ---------------

Current thread (0x0000029fbe103100):  JavaThread "C2 CompilerThread0" daemon [_thread_in_native, id=8488, stack(0x000000f652f00000,0x000000f653000000)]


Current CompileTask:
C2:   5864 1601 % !   4       java.util.concurrent.ConcurrentHashMap::transfer @ 96 (849 bytes)

Stack: [0x000000f652f00000,0x000000f653000000]
Native frames: (J=compiled Java code, j=interpreted, Vv=VM code, C=native code)
V  [jvm.dll+0x67754a]
V  [jvm.dll+0x834304]
V  [jvm.dll+0x835aae]
V  [jvm.dll+0x836113]
V  [jvm.dll+0x24696f]
V  [jvm.dll+0xac0ac]
V  [jvm.dll+0xac67c]
V  [jvm.dll+0x364e37]
V  [jvm.dll+0x32f6b1]
V  [jvm.dll+0x32eb5a]
V  [jvm.dll+0x219641]
V  [jvm.dll+0x218a61]
V  [jvm.dll+0x1a4d8d]
V  [jvm.dll+0x2284da]
V  [jvm.dll+0x226615]
V  [jvm.dll+0x7ea90b]
V  [jvm.dll+0x7e4e7a]
V  [jvm.dll+0x676395]
C  [ucrtbase.dll+0x29333]
C  [KERNEL32.DLL+0x1257d]
C  [ntdll.dll+0x5af28]


---------------  P R O C E S S  ---------------

Threads class SMR info:
_java_thread_list=0x0000029fbefe4130, length=21, elements={
0x0000029fa23a2fd0, 0x0000029fb9f2d260, 0x0000029fb9f302d0, 0x0000029fb9f49ff0,
0x0000029fb9f4c9c0, 0x0000029fb9f5f4a0, 0x0000029fb9f62520, 0x0000029fbe103100,
0x0000029fbe105bb0, 0x0000029fbe1065a0, 0x0000029fbe3a7600, 0x0000029fbe3df030,
0x0000029fbe7c39f0, 0x0000029fbef562f0, 0x0000029fbf0a56d0, 0x0000029fbf0a46c0,
0x0000029fbf0a4b90, 0x0000029fbf0a5060, 0x0000029fbefaf730, 0x0000029fbefb30f0,
0x0000029fbefb2750
}

Java Threads: ( => current thread )
  0x0000029fa23a2fd0 JavaThread "main" [_thread_in_vm, id=8792, stack(0x000000f652200000,0x000000f652300000)]
  0x0000029fb9f2d260 JavaThread "Reference Handler" daemon [_thread_blocked, id=9124, stack(0x000000f652900000,0x000000f652a00000)]
  0x0000029fb9f302d0 JavaThread "Finalizer" daemon [_thread_blocked, id=8408, stack(0x000000f652a00000,0x000000f652b00000)]
  0x0000029fb9f49ff0 JavaThread "Signal Dispatcher" daemon [_thread_blocked, id=21708, stack(0x000000f652b00000,0x000000f652c00000)]
  0x0000029fb9f4c9c0 JavaThread "Attach Listener" daemon [_thread_blocked, id=34688, stack(0x000000f652c00000,0x000000f652d00000)]
  0x0000029fb9f5f4a0 JavaThread "Service Thread" daemon [_thread_blocked, id=7828, stack(0x000000f652d00000,0x000000f652e00000)]
  0x0000029fb9f62520 JavaThread "Monitor Deflation Thread" daemon [_thread_blocked, id=11904, stack(0x000000f652e00000,0x000000f652f00000)]
=>0x0000029fbe103100 JavaThread "C2 CompilerThread0" daemon [_thread_in_native, id=8488, stack(0x000000f652f00000,0x000000f653000000)]
  0x0000029fbe105bb0 JavaThread "C1 CompilerThread0" daemon [_thread_blocked, id=5564, stack(0x000000f653000000,0x000000f653100000)]
  0x0000029fbe1065a0 JavaThread "Sweeper thread" daemon [_thread_blocked, id=32744, stack(0x000000f653100000,0x000000f653200000)]
  0x0000029fbe3a7600 JavaThread "Notification Thread" daemon [_thread_blocked, id=22584, stack(0x000000f653200000,0x000000f653300000)]
  0x0000029fbe3df030 JavaThread "Common-Cleaner" daemon [_thread_blocked, id=6984, stack(0x000000f653400000,0x000000f653500000)]
  0x0000029fbef562f0 JavaThread "HttpClient-1-SelectorManager" daemon [_thread_in_native, id=32184, stack(0x000000f653d00000,0x000000f653e00000)]
  0x0000029fbf0a56d0 JavaThread "External Process Output Forwarder - C:\Users\kiran\.cache\selenium\chromedriver\win64\129.0.6668.70\chromedriver.exe" daemon [_thread_in_native, id=26660, stack(0x000000f653e00000,0x000000f653f00000)]
  0x0000029fbf0a46c0 JavaThread "Driver Service Executor" daemon [_thread_blocked, id=13752, stack(0x000000f653f00000,0x000000f654000000)]
  0x0000029fbf0a4b90 JavaThread "Driver Service Executor" daemon [_thread_in_native, id=24716, stack(0x000000f654000000,0x000000f654100000)]
  0x0000029fbf0a5060 JavaThread "UrlChecker-2" daemon [_thread_blocked, id=8236, stack(0x000000f654100000,0x000000f654200000)]
  0x0000029fbefaf730 JavaThread "Keep-Alive-Timer" daemon [_thread_blocked, id=32028, stack(0x000000f654300000,0x000000f654400000)]
  0x0000029fbefb30f0 JavaThread "JdkHttpClient-0-0" daemon [_thread_blocked, id=8868, stack(0x000000f654400000,0x000000f654500000)]
  0x0000029fbefb2750 JavaThread "JdkHttpClient-0-1" daemon [_thread_blocked, id=5012, stack(0x000000f654500000,0x000000f654600000)]
  0x0000029fbefb1410 JavaThread "DestroyJavaVM" [_thread_in_vm, id=8792, stack(0x000000f652200000,0x000000f652300000)]

Other Threads:
  0x0000029fb9f07770 VMThread "VM Thread" [stack: 0x000000f652800000,0x000000f652900000] [id=35052]
  0x0000029fa23ef560 WatcherThread [stack: 0x000000f653300000,0x000000f653400000] [id=8576]
  0x0000029fa23e0040 GCTaskThread "GC Thread#0" [stack: 0x000000f652300000,0x000000f652400000] [id=8676]
  0x0000029fbee626d0 GCTaskThread "GC Thread#1" [stack: 0x000000f653600000,0x000000f653700000] [id=13580]
  0x0000029fbeec1e50 GCTaskThread "GC Thread#2" [stack: 0x000000f653700000,0x000000f653800000] [id=17840]
  0x0000029fbeec2100 GCTaskThread "GC Thread#3" [stack: 0x000000f653800000,0x000000f653900000] [id=8752]
  0x0000029fbeec23b0 GCTaskThread "GC Thread#4" [stack: 0x000000f653900000,0x000000f653a00000] [id=29624]
  0x0000029fbeec4670 GCTaskThread "GC Thread#5" [stack: 0x000000f653a00000,0x000000f653b00000] [id=7204]
  0x0000029fbeec4920 GCTaskThread "GC Thread#6" [stack: 0x000000f653b00000,0x000000f653c00000] [id=8672]
  0x0000029fbeec4bd0 GCTaskThread "GC Thread#7" [stack: 0x000000f653c00000,0x000000f653d00000] [id=4668]
  0x0000029fa23e8da0 ConcurrentGCThread "G1 Main Marker" [stack: 0x000000f652400000,0x000000f652500000] [id=19840]
  0x0000029fa23e97b0 ConcurrentGCThread "G1 Conc#0" [stack: 0x000000f652500000,0x000000f652600000] [id=14184]
  0x0000029fa2442a90 ConcurrentGCThread "G1 Refine#0" [stack: 0x000000f652600000,0x000000f652700000] [id=12068]
  0x0000029fa24434b0 ConcurrentGCThread "G1 Service" [stack: 0x000000f652700000,0x000000f652800000] [id=29420]

Threads with active compile tasks:
C2 CompilerThread0     5952 1601 % !   4       java.util.concurrent.ConcurrentHashMap::transfer @ 96 (849 bytes)

VM state: not at safepoint (normal execution)

VM Mutex/Monitor currently owned by a thread: None

OutOfMemory and StackOverflow Exception counts:
OutOfMemoryError java_heap_errors=2
LinkageErrors=42

Heap address: 0x00000000c4c00000, size: 948 MB, Compressed Oops mode: 32-bit

CDS archive(s) not mapped
Compressed class space mapped at: 0x0000000100000000-0x0000000140000000, reserved size: 1073741824
Narrow klass base: 0x0000000000000000, Narrow klass shift: 3, Narrow klass range: 0x140000000

GC Precious Log:
 CPUs: 12 total, 12 available
 Memory: 3790M
 Large Page Support: Disabled
 NUMA Support: Disabled
 Compressed Oops: Enabled (32-bit)
 Heap Region Size: 1M
 Heap Min Capacity: 8M
 Heap Initial Capacity: 60M
 Heap Max Capacity: 948M
 Pre-touch: Disabled
 Parallel Workers: 10
 Concurrent Workers: 3
 Concurrent Refinement Workers: 10
 Periodic GC: Disabled

Heap:
 garbage-first heap   total 61440K, used 27848K [0x00000000c4c00000, 0x0000000100000000)
  region size 1024K, 20 young (20480K), 3 survivors (3072K)
 Metaspace       used 18836K, committed 19136K, reserved 1114112K
  class space    used 2012K, committed 2176K, reserved 1048576K

Heap Regions: E=young(eden), S=young(survivor), O=old, HS=humongous(starts), HC=humongous(continues), CS=collection set, F=free, OA=open archive, CA=closed archive, TAMS=top-at-mark-start (previous, next)
|   0|0x00000000c4c00000, 0x00000000c4d00000, 0x00000000c4d00000|100%|HS|  |TAMS 0x00000000c4c00000, 0x00000000c4c00000| Complete 
|   1|0x00000000c4d00000, 0x00000000c4d00000, 0x00000000c4e00000|  0%| F|  |TAMS 0x00000000c4d00000, 0x00000000c4d00000| Untracked 
|   2|0x00000000c4e00000, 0x00000000c4f00000, 0x00000000c4f00000|100%| O|  |TAMS 0x00000000c4e00000, 0x00000000c4e00000| Untracked 
|   3|0x00000000c4f00000, 0x00000000c5000000, 0x00000000c5000000|100%| O|  |TAMS 0x00000000c4f00000, 0x00000000c4f00000| Untracked 
|   4|0x00000000c5000000, 0x00000000c5100000, 0x00000000c5100000|100%| O|  |TAMS 0x00000000c5000000, 0x00000000c5000000| Untracked 
|   5|0x00000000c5100000, 0x00000000c5200000, 0x00000000c5200000|100%| O|  |TAMS 0x00000000c5100000, 0x00000000c5100000| Untracked 
|   6|0x00000000c5200000, 0x00000000c5300000, 0x00000000c5300000|100%| O|  |TAMS 0x00000000c5200000, 0x00000000c5200000| Untracked 
|   7|0x00000000c5300000, 0x00000000c5400000, 0x00000000c5400000|100%| O|  |TAMS 0x00000000c5300000, 0x00000000c5300000| Untracked 
|   8|0x00000000c5400000, 0x00000000c5500000, 0x00000000c5500000|100%| O|  |TAMS 0x00000000c5400000, 0x00000000c5400000| Untracked 
|   9|0x00000000c5500000, 0x00000000c5532000, 0x00000000c5600000| 19%| O|  |TAMS 0x00000000c5500000, 0x00000000c5500000| Untracked 
|  10|0x00000000c5600000, 0x00000000c5600000, 0x00000000c5700000|  0%| F|  |TAMS 0x00000000c5600000, 0x00000000c5600000| Untracked 
|  11|0x00000000c5700000, 0x00000000c5700000, 0x00000000c5800000|  0%| F|  |TAMS 0x00000000c5700000, 0x00000000c5700000| Untracked 
|  12|0x00000000c5800000, 0x00000000c5800000, 0x00000000c5900000|  0%| F|  |TAMS 0x00000000c5800000, 0x00000000c5800000| Untracked 
|  13|0x00000000c5900000, 0x00000000c5900000, 0x00000000c5a00000|  0%| F|  |TAMS 0x00000000c5900000, 0x00000000c5900000| Untracked 
|  14|0x00000000c5a00000, 0x00000000c5a00000, 0x00000000c5b00000|  0%| F|  |TAMS 0x00000000c5a00000, 0x00000000c5a00000| Untracked 
|  15|0x00000000c5b00000, 0x00000000c5b00000, 0x00000000c5c00000|  0%| F|  |TAMS 0x00000000c5b00000, 0x00000000c5b00000| Untracked 
|  16|0x00000000c5c00000, 0x00000000c5c00000, 0x00000000c5d00000|  0%| F|  |TAMS 0x00000000c5c00000, 0x00000000c5c00000| Untracked 
|  17|0x00000000c5d00000, 0x00000000c5d00000, 0x00000000c5e00000|  0%| F|  |TAMS 0x00000000c5d00000, 0x00000000c5d00000| Untracked 
|  18|0x00000000c5e00000, 0x00000000c5e00000, 0x00000000c5f00000|  0%| F|  |TAMS 0x00000000c5e00000, 0x00000000c5e00000| Untracked 
|  19|0x00000000c5f00000, 0x00000000c5f00000, 0x00000000c6000000|  0%| F|  |TAMS 0x00000000c5f00000, 0x00000000c5f00000| Untracked 
|  20|0x00000000c6000000, 0x00000000c6000000, 0x00000000c6100000|  0%| F|  |TAMS 0x00000000c6000000, 0x00000000c6000000| Untracked 
|  21|0x00000000c6100000, 0x00000000c6100000, 0x00000000c6200000|  0%| F|  |TAMS 0x00000000c6100000, 0x00000000c6100000| Untracked 
|  22|0x00000000c6200000, 0x00000000c6200000, 0x00000000c6300000|  0%| F|  |TAMS 0x00000000c6200000, 0x00000000c6200000| Untracked 
|  23|0x00000000c6300000, 0x00000000c6300000, 0x00000000c6400000|  0%| F|  |TAMS 0x00000000c6300000, 0x00000000c6300000| Untracked 
|  24|0x00000000c6400000, 0x00000000c6400000, 0x00000000c6500000|  0%| F|  |TAMS 0x00000000c6400000, 0x00000000c6400000| Untracked 
|  25|0x00000000c6500000, 0x00000000c6500000, 0x00000000c6600000|  0%| F|  |TAMS 0x00000000c6500000, 0x00000000c6500000| Untracked 
|  26|0x00000000c6600000, 0x00000000c6600000, 0x00000000c6700000|  0%| F|  |TAMS 0x00000000c6600000, 0x00000000c6600000| Untracked 
|  27|0x00000000c6700000, 0x00000000c6700000, 0x00000000c6800000|  0%| F|  |TAMS 0x00000000c6700000, 0x00000000c6700000| Untracked 
|  28|0x00000000c6800000, 0x00000000c6800000, 0x00000000c6900000|  0%| F|  |TAMS 0x00000000c6800000, 0x00000000c6800000| Untracked 
|  29|0x00000000c6900000, 0x00000000c6900000, 0x00000000c6a00000|  0%| F|  |TAMS 0x00000000c6900000, 0x00000000c6900000| Untracked 
|  30|0x00000000c6a00000, 0x00000000c6a00000, 0x00000000c6b00000|  0%| F|  |TAMS 0x00000000c6a00000, 0x00000000c6a00000| Untracked 
|  31|0x00000000c6b00000, 0x00000000c6b00000, 0x00000000c6c00000|  0%| F|  |TAMS 0x00000000c6b00000, 0x00000000c6b00000| Untracked 
|  32|0x00000000c6c00000, 0x00000000c6c00000, 0x00000000c6d00000|  0%| F|  |TAMS 0x00000000c6c00000, 0x00000000c6c00000| Untracked 
|  33|0x00000000c6d00000, 0x00000000c6d00000, 0x00000000c6e00000|  0%| F|  |TAMS 0x00000000c6d00000, 0x00000000c6d00000| Untracked 
|  34|0x00000000c6e00000, 0x00000000c6f00000, 0x00000000c6f00000|100%| S|CS|TAMS 0x00000000c6e00000, 0x00000000c6e00000| Complete 
|  35|0x00000000c6f00000, 0x00000000c7000000, 0x00000000c7000000|100%| S|CS|TAMS 0x00000000c6f00000, 0x00000000c6f00000| Complete 
|  36|0x00000000c7000000, 0x00000000c7100000, 0x00000000c7100000|100%| S|CS|TAMS 0x00000000c7000000, 0x00000000c7000000| Complete 
|  37|0x00000000c7100000, 0x00000000c7100000, 0x00000000c7200000|  0%| F|  |TAMS 0x00000000c7100000, 0x00000000c7100000| Untracked 
|  38|0x00000000c7200000, 0x00000000c7200000, 0x00000000c7300000|  0%| F|  |TAMS 0x00000000c7200000, 0x00000000c7200000| Untracked 
|  39|0x00000000c7300000, 0x00000000c7300000, 0x00000000c7400000|  0%| F|  |TAMS 0x00000000c7300000, 0x00000000c7300000| Untracked 
|  40|0x00000000c7400000, 0x00000000c7400000, 0x00000000c7500000|  0%| F|  |TAMS 0x00000000c7400000, 0x00000000c7400000| Untracked 
|  41|0x00000000c7500000, 0x00000000c7500000, 0x00000000c7600000|  0%| F|  |TAMS 0x00000000c7500000, 0x00000000c7500000| Untracked 
|  42|0x00000000c7600000, 0x00000000c7600000, 0x00000000c7700000|  0%| F|  |TAMS 0x00000000c7600000, 0x00000000c7600000| Untracked 
|  43|0x00000000c7700000, 0x00000000c77f6478, 0x00000000c7800000| 96%| E|  |TAMS 0x00000000c7700000, 0x00000000c7700000| Complete 
|  44|0x00000000c7800000, 0x00000000c7900000, 0x00000000c7900000|100%| E|CS|TAMS 0x00000000c7800000, 0x00000000c7800000| Complete 
|  45|0x00000000c7900000, 0x00000000c7a00000, 0x00000000c7a00000|100%| E|CS|TAMS 0x00000000c7900000, 0x00000000c7900000| Complete 
|  46|0x00000000c7a00000, 0x00000000c7b00000, 0x00000000c7b00000|100%| E|CS|TAMS 0x00000000c7a00000, 0x00000000c7a00000| Complete 
|  47|0x00000000c7b00000, 0x00000000c7c00000, 0x00000000c7c00000|100%| E|CS|TAMS 0x00000000c7b00000, 0x00000000c7b00000| Complete 
|  48|0x00000000c7c00000, 0x00000000c7d00000, 0x00000000c7d00000|100%| E|CS|TAMS 0x00000000c7c00000, 0x00000000c7c00000| Complete 
|  49|0x00000000c7d00000, 0x00000000c7e00000, 0x00000000c7e00000|100%| E|CS|TAMS 0x00000000c7d00000, 0x00000000c7d00000| Complete 
|  50|0x00000000c7e00000, 0x00000000c7f00000, 0x00000000c7f00000|100%| E|CS|TAMS 0x00000000c7e00000, 0x00000000c7e00000| Complete 
|  51|0x00000000c7f00000, 0x00000000c8000000, 0x00000000c8000000|100%| E|CS|TAMS 0x00000000c7f00000, 0x00000000c7f00000| Complete 
|  52|0x00000000c8000000, 0x00000000c8100000, 0x00000000c8100000|100%| E|CS|TAMS 0x00000000c8000000, 0x00000000c8000000| Complete 
|  53|0x00000000c8100000, 0x00000000c8200000, 0x00000000c8200000|100%| E|CS|TAMS 0x00000000c8100000, 0x00000000c8100000| Complete 
|  54|0x00000000c8200000, 0x00000000c8300000, 0x00000000c8300000|100%| E|CS|TAMS 0x00000000c8200000, 0x00000000c8200000| Complete 
|  55|0x00000000c8300000, 0x00000000c8400000, 0x00000000c8400000|100%| E|CS|TAMS 0x00000000c8300000, 0x00000000c8300000| Complete 
|  56|0x00000000c8400000, 0x00000000c8500000, 0x00000000c8500000|100%| E|CS|TAMS 0x00000000c8400000, 0x00000000c8400000| Complete 
|  57|0x00000000c8500000, 0x00000000c8600000, 0x00000000c8600000|100%| E|CS|TAMS 0x00000000c8500000, 0x00000000c8500000| Complete 
|  58|0x00000000c8600000, 0x00000000c8700000, 0x00000000c8700000|100%| E|CS|TAMS 0x00000000c8600000, 0x00000000c8600000| Complete 
|  59|0x00000000c8700000, 0x00000000c8800000, 0x00000000c8800000|100%| E|CS|TAMS 0x00000000c8700000, 0x00000000c8700000| Complete 

Card table byte_map: [0x0000029fb5170000,0x0000029fb5350000] _byte_map_base: 0x0000029fb4b4a000

Marking Bits (Prev, Next): (CMBitMap*) 0x0000029fa23e0650, (CMBitMap*) 0x0000029fa23e0690
 Prev Bits: [0x0000029fb5530000, 0x0000029fb6400000)
 Next Bits: [0x0000029fb6400000, 0x0000029fb72d0000)

Polling page: 0x0000029fa02b0000

Metaspace:

Usage:
  Non-class:     16.43 MB used.
      Class:      1.97 MB used.
       Both:     18.40 MB used.

Virtual space:
  Non-class space:       64.00 MB reserved,      16.56 MB ( 26%) committed,  1 nodes.
      Class space:        1.00 GB reserved,       2.12 MB ( <1%) committed,  1 nodes.
             Both:        1.06 GB reserved,      18.69 MB (  2%) committed. 

Chunk freelists:
   Non-Class:  14.53 MB
       Class:  13.91 MB
        Both:  28.44 MB

MaxMetaspaceSize: unlimited
CompressedClassSpaceSize: 1.00 GB
Initial GC threshold: 21.00 MB
Current GC threshold: 21.00 MB
CDS: off
MetaspaceReclaimPolicy: balanced
 - commit_granule_bytes: 65536.
 - commit_granule_words: 8192.
 - virtual_space_node_default_size: 8388608.
 - enlarge_chunks_in_place: 1.
 - new_chunks_are_fully_committed: 0.
 - uncommit_free_chunks: 1.
 - use_allocation_guard: 0.
 - handle_deallocations: 1.


Internal statistics:

num_allocs_failed_limit: 0.
num_arena_births: 212.
num_arena_deaths: 0.
num_vsnodes_births: 2.
num_vsnodes_deaths: 0.
num_space_committed: 299.
num_space_uncommitted: 0.
num_chunks_returned_to_freelist: 0.
num_chunks_taken_from_freelist: 465.
num_chunk_merges: 0.
num_chunk_splits: 257.
num_chunks_enlarged: 163.
num_inconsistent_stats: 0.

CodeHeap 'non-profiled nmethods': size=120000Kb used=496Kb max_used=496Kb free=119503Kb
 bounds [0x0000029fad510000, 0x0000029fad780000, 0x0000029fb4a40000]
CodeHeap 'profiled nmethods': size=120000Kb used=3097Kb max_used=3097Kb free=116902Kb
 bounds [0x0000029fa5a40000, 0x0000029fa5d50000, 0x0000029facf70000]
CodeHeap 'non-nmethods': size=5760Kb used=1200Kb max_used=1213Kb free=4560Kb
 bounds [0x0000029facf70000, 0x0000029fad1e0000, 0x0000029fad510000]
 total_blobs=2126 nmethods=1624 adapters=415
 compilation: enabled
              stopped_count=0, restarted_count=0
 full_count=0

Compilation events (20 events):
Event: 5.839 Thread 0x0000029fbe105bb0 nmethod 1596 0x0000029fa5d38990 code [0x0000029fa5d38be0, 0x0000029fa5d395e8]
Event: 5.839 Thread 0x0000029fbe105bb0 1595       1       java.util.stream.Collectors$CollectorImpl::combiner (5 bytes)
Event: 5.839 Thread 0x0000029fbe105bb0 nmethod 1595 0x0000029fad58ad10 code [0x0000029fad58aea0, 0x0000029fad58af78]
Event: 5.840 Thread 0x0000029fbe105bb0 1597       1       java.util.stream.ReduceOps$Box::get (5 bytes)
Event: 5.841 Thread 0x0000029fbe105bb0 nmethod 1597 0x0000029fad58b010 code [0x0000029fad58b1a0, 0x0000029fad58b278]
Event: 5.842 Thread 0x0000029fbe105bb0 1598       3       java.lang.Character::isJavaIdentifierPart (9 bytes)
Event: 5.842 Thread 0x0000029fbe105bb0 nmethod 1598 0x0000029fa5d39a90 code [0x0000029fa5d39c40, 0x0000029fa5d39e38]
Event: 5.842 Thread 0x0000029fbe105bb0 1599       3       java.lang.CharacterDataLatin1::isJavaIdentifierPart (20 bytes)
Event: 5.842 Thread 0x0000029fbe103100 1601 % !   4       java.util.concurrent.ConcurrentHashMap::transfer @ 96 (849 bytes)
Event: 5.842 Thread 0x0000029fbe105bb0 nmethod 1599 0x0000029fa5d39f10 code [0x0000029fa5d3a0c0, 0x0000029fa5d3a2d8]
Event: 5.842 Thread 0x0000029fbe105bb0 1602       3       java.util.stream.Collectors$$Lambda$405/0x00000001001b0158::accept (14 bytes)
Event: 5.843 Thread 0x0000029fbe105bb0 nmethod 1602 0x0000029fa5d3a410 code [0x0000029fa5d3a5e0, 0x0000029fa5d3ab68]
Event: 5.843 Thread 0x0000029fbe105bb0 1600   !   3       jdk.internal.reflect.ReflectionFactory::checkInitted (100 bytes)
Event: 5.843 Thread 0x0000029fbe105bb0 nmethod 1600 0x0000029fa5d3ad90 code [0x0000029fa5d3b0a0, 0x0000029fa5d3c0a8]
Event: 5.845 Thread 0x0000029fbe105bb0 1603       3       java.nio.CharBuffer::arrayOffset (35 bytes)
Event: 5.845 Thread 0x0000029fbe105bb0 nmethod 1603 0x0000029fa5d3c510 code [0x0000029fa5d3c6e0, 0x0000029fa5d3c9b8]
Event: 5.851 Thread 0x0000029fbe105bb0 1605       3       java.util.jar.JarFile::getVersionedEntry (133 bytes)
Event: 5.852 Thread 0x0000029fbe105bb0 nmethod 1605 0x0000029fa5d3cb10 code [0x0000029fa5d3cde0, 0x0000029fa5d3dbb8]
Event: 5.852 Thread 0x0000029fbe105bb0 1606       3       java.nio.ByteBuffer::array (35 bytes)
Event: 5.852 Thread 0x0000029fbe105bb0 nmethod 1606 0x0000029fa5d3e190 code [0x0000029fa5d3e360, 0x0000029fa5d3e638]

GC Heap History (2 events):
Event: 2.489 GC heap before
{Heap before GC invocations=0 (full 0):
 garbage-first heap   total 61440K, used 24576K [0x00000000c4c00000, 0x0000000100000000)
  region size 1024K, 23 young (23552K), 0 survivors (0K)
 Metaspace       used 13793K, committed 13952K, reserved 1114112K
  class space    used 1370K, committed 1472K, reserved 1048576K
}
Event: 2.497 GC heap after
{Heap after GC invocations=1 (full 0):
 garbage-first heap   total 61440K, used 11464K [0x00000000c4c00000, 0x0000000100000000)
  region size 1024K, 3 young (3072K), 3 survivors (3072K)
 Metaspace       used 13793K, committed 13952K, reserved 1114112K
  class space    used 1370K, committed 1472K, reserved 1048576K
}

Dll operation events (6 events):
Event: 0.030 Loaded shared library C:\Users\kiran\Downloads\eclipse-java-2023-06-R-win32-x86_64\eclipse\plugins\org.eclipse.justj.openjdk.hotspot.jre.full.win32.x86_64_17.0.7.v20230425-1502\jre\bin\java.dll
Event: 0.236 Loaded shared library C:\Users\kiran\Downloads\eclipse-java-2023-06-R-win32-x86_64\eclipse\plugins\org.eclipse.justj.openjdk.hotspot.jre.full.win32.x86_64_17.0.7.v20230425-1502\jre\bin\net.dll
Event: 0.240 Loaded shared library C:\Users\kiran\Downloads\eclipse-java-2023-06-R-win32-x86_64\eclipse\plugins\org.eclipse.justj.openjdk.hotspot.jre.full.win32.x86_64_17.0.7.v20230425-1502\jre\bin\nio.dll
Event: 0.259 Loaded shared library C:\Users\kiran\Downloads\eclipse-java-2023-06-R-win32-x86_64\eclipse\plugins\org.eclipse.justj.openjdk.hotspot.jre.full.win32.x86_64_17.0.7.v20230425-1502\jre\bin\zip.dll
Event: 0.370 Loaded shared library C:\Users\kiran\Downloads\eclipse-java-2023-06-R-win32-x86_64\eclipse\plugins\org.eclipse.justj.openjdk.hotspot.jre.full.win32.x86_64_17.0.7.v20230425-1502\jre\bin\jimage.dll
Event: 2.717 Loaded shared library C:\Users\kiran\Downloads\eclipse-java-2023-06-R-win32-x86_64\eclipse\plugins\org.eclipse.justj.openjdk.hotspot.jre.full.win32.x86_64_17.0.7.v20230425-1502\jre\bin\sunmscapi.dll

Deoptimization events (20 events):
Event: 2.964 Thread 0x0000029fbefb30f0 Uncommon trap: trap_request=0xffffffde fr.pc=0x0000029fad584dac relative=0x000000000000010c
Event: 2.964 Thread 0x0000029fbefb30f0 Uncommon trap: reason=class_check action=maybe_recompile pc=0x0000029fad584dac method=jdk.internal.misc.Unsafe.allocateUninitializedArray(Ljava/lang/Class;I)Ljava/lang/Object; @ 51 c2
Event: 2.964 Thread 0x0000029fbefb30f0 DEOPT PACKING pc=0x0000029fad584dac sp=0x000000f6544fe210
Event: 2.964 Thread 0x0000029fbefb30f0 DEOPT UNPACKING pc=0x0000029facfc69a3 sp=0x000000f6544fe198 mode 2
Event: 2.964 Thread 0x0000029fbefb30f0 Uncommon trap: trap_request=0xffffffde fr.pc=0x0000029fad584dac relative=0x000000000000010c
Event: 2.964 Thread 0x0000029fbefb30f0 Uncommon trap: reason=class_check action=maybe_recompile pc=0x0000029fad584dac method=jdk.internal.misc.Unsafe.allocateUninitializedArray(Ljava/lang/Class;I)Ljava/lang/Object; @ 51 c2
Event: 2.964 Thread 0x0000029fbefb30f0 DEOPT PACKING pc=0x0000029fad584dac sp=0x000000f6544fe030
Event: 2.965 Thread 0x0000029fbefb30f0 DEOPT UNPACKING pc=0x0000029facfc69a3 sp=0x000000f6544fdfb8 mode 2
Event: 2.965 Thread 0x0000029fbefb30f0 Uncommon trap: trap_request=0xffffffde fr.pc=0x0000029fad584dac relative=0x000000000000010c
Event: 2.965 Thread 0x0000029fbefb30f0 Uncommon trap: reason=class_check action=maybe_recompile pc=0x0000029fad584dac method=jdk.internal.misc.Unsafe.allocateUninitializedArray(Ljava/lang/Class;I)Ljava/lang/Object; @ 51 c2
Event: 2.965 Thread 0x0000029fbefb30f0 DEOPT PACKING pc=0x0000029fad584dac sp=0x000000f6544fe030
Event: 2.965 Thread 0x0000029fbefb30f0 DEOPT UNPACKING pc=0x0000029facfc69a3 sp=0x000000f6544fdfb8 mode 2
Event: 2.965 Thread 0x0000029fbefb30f0 Uncommon trap: trap_request=0xffffffde fr.pc=0x0000029fad584dac relative=0x000000000000010c
Event: 2.965 Thread 0x0000029fbefb30f0 Uncommon trap: reason=class_check action=maybe_recompile pc=0x0000029fad584dac method=jdk.internal.misc.Unsafe.allocateUninitializedArray(Ljava/lang/Class;I)Ljava/lang/Object; @ 51 c2
Event: 2.965 Thread 0x0000029fbefb30f0 DEOPT PACKING pc=0x0000029fad584dac sp=0x000000f6544fe030
Event: 2.965 Thread 0x0000029fbefb30f0 DEOPT UNPACKING pc=0x0000029facfc69a3 sp=0x000000f6544fdfb8 mode 2
Event: 5.823 Thread 0x0000029fa23a2fd0 Uncommon trap: trap_request=0xffffffde fr.pc=0x0000029fad565c44 relative=0x00000000000007c4
Event: 5.823 Thread 0x0000029fa23a2fd0 Uncommon trap: reason=class_check action=maybe_recompile pc=0x0000029fad565c44 method=java.util.HashMap.putVal(ILjava/lang/Object;Ljava/lang/Object;ZZ)Ljava/lang/Object; @ 253 c2
Event: 5.823 Thread 0x0000029fa23a2fd0 DEOPT PACKING pc=0x0000029fad565c44 sp=0x000000f6522fe620
Event: 5.823 Thread 0x0000029fa23a2fd0 DEOPT UNPACKING pc=0x0000029facfc69a3 sp=0x000000f6522fe558 mode 2

Classes unloaded (0 events):
No events

Classes redefined (0 events):
No events

Internal exceptions (20 events):
Event: 2.442 Thread 0x0000029fa23a2fd0 Exception <a 'java/lang/IncompatibleClassChangeError'{0x00000000c729ad48}: Found class java.lang.Object, but interface was expected> (0x00000000c729ad48) 
thrown [s\src\hotspot\share\interpreter\linkResolver.cpp, line 826]
Event: 2.526 Thread 0x0000029fa23a2fd0 Exception <a 'java/lang/NoSuchMethodError'{0x00000000c83ac3a8}: 'java.lang.Object java.lang.invoke.DirectMethodHandle$Holder.invokeStaticInit(java.lang.Object, int, int, int, int)'> (0x00000000c83ac3a8) 
thrown [s\src\hotspot\share\interpreter\linkResolver.cpp, line 759]
Event: 2.684 Thread 0x0000029fa23a2fd0 Exception <a 'java/lang/NoSuchMethodError'{0x00000000c8277048}: 'java.lang.Object java.lang.invoke.DirectMethodHandle$Holder.invokeStaticInit(java.lang.Object, java.lang.Object, int, int, int, int)'> (0x00000000c8277048) 
thrown [s\src\hotspot\share\interpreter\linkResolver.cpp, line 759]
Event: 2.778 Thread 0x0000029fa23a2fd0 Exception <a 'java/lang/NoSuchMethodError'{0x00000000c8086ff8}: 'java.lang.Object java.lang.invoke.DirectMethodHandle$Holder.invokeInterface(java.lang.Object, java.lang.Object, java.lang.Object)'> (0x00000000c8086ff8) 
thrown [s\src\hotspot\share\interpreter\linkResolver.cpp, line 759]
Event: 2.779 Thread 0x0000029fa23a2fd0 Exception <a 'java/lang/IncompatibleClassChangeError'{0x00000000c808a6c0}: Found class java.lang.Object, but interface was expected> (0x00000000c808a6c0) 
thrown [s\src\hotspot\share\interpreter\linkResolver.cpp, line 826]
Event: 2.780 Thread 0x0000029fa23a2fd0 Exception <a 'java/lang/NoSuchMethodError'{0x00000000c80928c0}: 'int java.lang.invoke.DirectMethodHandle$Holder.invokeSpecialIFC(java.lang.Object, java.lang.Object, java.lang.Object, java.lang.Object)'> (0x00000000c80928c0) 
thrown [s\src\hotspot\share\interpreter\linkResolver.cpp, line 759]
Event: 2.783 Thread 0x0000029fa23a2fd0 Exception <a 'java/lang/NoSuchMethodError'{0x00000000c80b8348}: 'java.lang.Object java.lang.invoke.DirectMethodHandle$Holder.invokeVirtual(java.lang.Object, java.lang.Object, java.lang.Object, java.lang.Object)'> (0x00000000c80b8348) 
thrown [s\src\hotspot\share\interpreter\linkResolver.cpp, line 759]
Event: 2.816 Thread 0x0000029fbf0a5060 Exception <a 'java/net/ConnectException'{0x00000000c7f25c48}: Connection refused: no further information> (0x00000000c7f25c48) 
thrown [s\src\hotspot\share\prims\jni.cpp, line 535]
Event: 2.816 Thread 0x0000029fbf0a5060 Exception <a 'java/net/SocketException'{0x00000000c7f25f80}: Socket is not connected: shutdown> (0x00000000c7f25f80) 
thrown [s\src\hotspot\share\prims\jni.cpp, line 535]
Event: 2.845 Thread 0x0000029fbf0a5060 Exception <a 'java/net/ConnectException'{0x00000000c7f26f78}: Connection refused: no further information> (0x00000000c7f26f78) 
thrown [s\src\hotspot\share\prims\jni.cpp, line 535]
Event: 2.845 Thread 0x0000029fbf0a5060 Exception <a 'java/net/SocketException'{0x00000000c7f272b0}: Socket is not connected: shutdown> (0x00000000c7f272b0) 
thrown [s\src\hotspot\share\prims\jni.cpp, line 535]
Event: 2.902 Thread 0x0000029fa23a2fd0 Exception <a 'java/lang/NoSuchMethodError'{0x00000000c7e13848}: 'java.lang.Object java.lang.invoke.DirectMethodHandle$Holder.newInvokeSpecial(java.lang.Object, java.lang.Object, int, int)'> (0x00000000c7e13848) 
thrown [s\src\hotspot\share\interpreter\linkResolver.cpp, line 759]
Event: 2.904 Thread 0x0000029fa23a2fd0 Exception <a 'java/lang/NoSuchMethodError'{0x00000000c7e1e6d0}: 'void java.lang.invoke.DirectMethodHandle$Holder.invokeStatic(java.lang.Object, java.lang.Object, int)'> (0x00000000c7e1e6d0) 
thrown [s\src\hotspot\share\interpreter\linkResolver.cpp, line 759]
Event: 2.912 Thread 0x0000029fa23a2fd0 Exception <a 'java/lang/NoSuchMethodError'{0x00000000c7e99798}: 'java.lang.Object java.lang.invoke.DirectMethodHandle$Holder.newInvokeSpecial(java.lang.Object, java.lang.Object, java.lang.Object, java.lang.Object, java.lang.Object)'> (0x00000000c7e99798) 
thrown [s\src\hotspot\share\interpreter\linkResolver.cpp, line 759]
Event: 2.948 Thread 0x0000029fbefb30f0 Exception <a 'java/lang/NoSuchMethodError'{0x00000000c7b05ac0}: 'java.lang.Object java.lang.invoke.DirectMethodHandle$Holder.invokeSpecial(java.lang.Object, java.lang.Object, java.lang.Object, java.lang.Object, int)'> (0x00000000c7b05ac0) 
thrown [s\src\hotspot\share\interpreter\linkResolver.cpp, line 759]
Event: 2.948 Thread 0x0000029fbefb30f0 Exception <a 'java/lang/NoSuchMethodError'{0x00000000c7b09688}: 'java.lang.Object java.lang.invoke.Invokers$Holder.linkToTargetMethod(java.lang.Object, java.lang.Object, int, java.lang.Object)'> (0x00000000c7b09688) 
thrown [s\src\hotspot\share\interpreter\linkResolver.cpp, line 759]
Event: 2.957 Thread 0x0000029fbefb30f0 Exception <a 'java/lang/NoSuchMethodError'{0x00000000c7baad70}: 'void java.lang.invoke.DirectMethodHandle$Holder.invokeSpecial(java.lang.Object, java.lang.Object, java.lang.Object)'> (0x00000000c7baad70) 
thrown [s\src\hotspot\share\interpreter\linkResolver.cpp, line 759]
Event: 2.964 Thread 0x0000029fbefb30f0 Exception <a 'java/lang/NoSuchMethodError'{0x00000000c7a56830}: 'void java.lang.invoke.DirectMethodHandle$Holder.invokeSpecial(java.lang.Object, java.lang.Object, java.lang.Object, java.lang.Object, java.lang.Object)'> (0x00000000c7a56830) 
thrown [s\src\hotspot\share\interpreter\linkResolver.cpp, line 759]
Event: 5.799 Thread 0x0000029fbefb30f0 Exception <a 'java/lang/NoSuchMethodError'{0x00000000c79d8690}: 'void java.lang.invoke.DirectMethodHandle$Holder.invokeSpecial(java.lang.Object, java.lang.Object, java.lang.Object, java.lang.Object, java.lang.Object, java.lang.Object, java.lang.Object)'> (0x00000000c79d8690) 
thrown [s\src\hotspot\share\interpreter\linkResolver.cpp, line 759]
Event: 5.816 Thread 0x0000029fa23a2fd0 Exception <a 'java/lang/NoSuchMethodError'{0x00000000c7c3ef60}: 'java.lang.Object java.lang.invoke.DirectMethodHandle$Holder.invokeSpecialIFC(java.lang.Object, java.lang.Object, java.lang.Object)'> (0x00000000c7c3ef60) 
thrown [s\src\hotspot\share\interpreter\linkResolver.cpp, line 759]

VM Operations (20 events):
Event: 0.657 Executing VM operation: HandshakeAllThreads
Event: 0.657 Executing VM operation: HandshakeAllThreads done
Event: 1.664 Executing VM operation: Cleanup
Event: 1.665 Executing VM operation: Cleanup done
Event: 2.386 Executing VM operation: HandshakeAllThreads
Event: 2.386 Executing VM operation: HandshakeAllThreads done
Event: 2.406 Executing VM operation: HandshakeAllThreads
Event: 2.406 Executing VM operation: HandshakeAllThreads done
Event: 2.489 Executing VM operation: G1CollectForAllocation
Event: 2.497 Executing VM operation: G1CollectForAllocation done
Event: 2.691 Executing VM operation: HandshakeAllThreads
Event: 2.691 Executing VM operation: HandshakeAllThreads done
Event: 2.880 Executing VM operation: HandshakeAllThreads
Event: 2.880 Executing VM operation: HandshakeAllThreads done
Event: 2.882 Executing VM operation: HandshakeAllThreads
Event: 2.882 Executing VM operation: HandshakeAllThreads done
Event: 3.887 Executing VM operation: Cleanup
Event: 3.887 Executing VM operation: Cleanup done
Event: 5.765 Executing VM operation: HandshakeAllThreads
Event: 5.765 Executing VM operation: HandshakeAllThreads done

Events (20 events):
Event: 5.780 loading class java/util/stream/LongStream done
Event: 5.781 loading class java/util/stream/LongPipeline done
Event: 5.781 loading class java/util/stream/LongPipeline$StatelessOp done
Event: 5.781 loading class java/util/stream/ReferencePipeline$5 done
Event: 5.781 loading class java/util/stream/FindOps$FindSink$OfLong
Event: 5.782 loading class java/util/stream/Sink$OfLong
Event: 5.782 loading class java/util/function/LongConsumer
Event: 5.782 loading class java/util/function/LongConsumer done
Event: 5.782 loading class java/util/stream/Sink$OfLong done
Event: 5.782 loading class java/util/stream/FindOps$FindSink$OfLong done
Event: 5.782 loading class java/util/OptionalLong
Event: 5.783 loading class java/util/OptionalLong done
Event: 5.784 loading class java/util/stream/ReferencePipeline$5$1
Event: 5.785 loading class java/util/stream/ReferencePipeline$5$1 done
Event: 5.831 loading class java/util/ImmutableCollections$Access
Event: 5.831 loading class java/util/ImmutableCollections$Access done
Event: 5.831 loading class java/util/ImmutableCollections$Access$1
Event: 5.831 loading class jdk/internal/access/JavaUtilCollectionAccess
Event: 5.831 loading class jdk/internal/access/JavaUtilCollectionAccess done
Event: 5.831 loading class java/util/ImmutableCollections$Access$1 done


Dynamic libraries:
0x00007ff7a7320000 - 0x00007ff7a732e000 	C:\Users\kiran\Downloads\eclipse-java-2023-06-R-win32-x86_64\eclipse\plugins\org.eclipse.justj.openjdk.hotspot.jre.full.win32.x86_64_17.0.7.v20230425-1502\jre\bin\javaw.exe
0x00007ffdd5fb0000 - 0x00007ffdd61c7000 	C:\WINDOWS\SYSTEM32\ntdll.dll
0x00007ffdd4fb0000 - 0x00007ffdd5074000 	C:\WINDOWS\System32\KERNEL32.DLL
0x00007ffdd36a0000 - 0x00007ffdd3a4d000 	C:\WINDOWS\System32\KERNELBASE.dll
0x00007ffdd33a0000 - 0x00007ffdd34b1000 	C:\WINDOWS\System32\ucrtbase.dll
0x00007ffdca0c0000 - 0x00007ffdca0d9000 	C:\Users\kiran\Downloads\eclipse-java-2023-06-R-win32-x86_64\eclipse\plugins\org.eclipse.justj.openjdk.hotspot.jre.full.win32.x86_64_17.0.7.v20230425-1502\jre\bin\VCRUNTIME140.dll
0x00007ffdca050000 - 0x00007ffdca067000 	C:\Users\kiran\Downloads\eclipse-java-2023-06-R-win32-x86_64\eclipse\plugins\org.eclipse.justj.openjdk.hotspot.jre.full.win32.x86_64_17.0.7.v20230425-1502\jre\bin\jli.dll
0x00007ffdd5100000 - 0x00007ffdd52ae000 	C:\WINDOWS\System32\USER32.dll
0x00007ffdb7100000 - 0x00007ffdb7393000 	C:\WINDOWS\WinSxS\amd64_microsoft.windows.common-controls_6595b64144ccf1df_6.0.22621.3672_none_2713b9d173822955\COMCTL32.dll
0x00007ffdd32d0000 - 0x00007ffdd32f6000 	C:\WINDOWS\System32\win32u.dll
0x00007ffdd5b30000 - 0x00007ffdd5bd7000 	C:\WINDOWS\System32\msvcrt.dll
0x00007ffdd42b0000 - 0x00007ffdd42d9000 	C:\WINDOWS\System32\GDI32.dll
0x00007ffdd3a50000 - 0x00007ffdd3b69000 	C:\WINDOWS\System32\gdi32full.dll
0x00007ffdd3300000 - 0x00007ffdd339a000 	C:\WINDOWS\System32\msvcp_win.dll
0x00007ffdd3d40000 - 0x00007ffdd3d71000 	C:\WINDOWS\System32\IMM32.DLL
0x00007ffdcac40000 - 0x00007ffdcac4c000 	C:\Users\kiran\Downloads\eclipse-java-2023-06-R-win32-x86_64\eclipse\plugins\org.eclipse.justj.openjdk.hotspot.jre.full.win32.x86_64_17.0.7.v20230425-1502\jre\bin\vcruntime140_1.dll
0x00007ffd9e500000 - 0x00007ffd9e591000 	C:\Users\kiran\Downloads\eclipse-java-2023-06-R-win32-x86_64\eclipse\plugins\org.eclipse.justj.openjdk.hotspot.jre.full.win32.x86_64_17.0.7.v20230425-1502\jre\bin\msvcp140.dll
0x00007ffd5fc70000 - 0x00007ffd608b8000 	C:\Users\kiran\Downloads\eclipse-java-2023-06-R-win32-x86_64\eclipse\plugins\org.eclipse.justj.openjdk.hotspot.jre.full.win32.x86_64_17.0.7.v20230425-1502\jre\bin\server\jvm.dll
0x00007ffdd4870000 - 0x00007ffdd4922000 	C:\WINDOWS\System32\ADVAPI32.dll
0x00007ffdd4ed0000 - 0x00007ffdd4f79000 	C:\WINDOWS\System32\sechost.dll
0x00007ffdd34c0000 - 0x00007ffdd34e8000 	C:\WINDOWS\System32\bcrypt.dll
0x00007ffdd4190000 - 0x00007ffdd42a4000 	C:\WINDOWS\System32\RPCRT4.dll
0x00007ffdcaba0000 - 0x00007ffdcabd4000 	C:\WINDOWS\SYSTEM32\WINMM.dll
0x00007ffdb9e80000 - 0x00007ffdb9e8a000 	C:\WINDOWS\SYSTEM32\VERSION.dll
0x00007ffdc9fa0000 - 0x00007ffdc9fa9000 	C:\WINDOWS\SYSTEM32\WSOCK32.dll
0x00007ffdd5080000 - 0x00007ffdd50f1000 	C:\WINDOWS\System32\WS2_32.dll
0x00007ffdd22e0000 - 0x00007ffdd22f8000 	C:\WINDOWS\SYSTEM32\kernel.appcore.dll
0x00007ffdc9f50000 - 0x00007ffdc9f5a000 	C:\Users\kiran\Downloads\eclipse-java-2023-06-R-win32-x86_64\eclipse\plugins\org.eclipse.justj.openjdk.hotspot.jre.full.win32.x86_64_17.0.7.v20230425-1502\jre\bin\jimage.dll
0x00007ffdd0be0000 - 0x00007ffdd0e12000 	C:\WINDOWS\SYSTEM32\DBGHELP.DLL
0x00007ffdd5be0000 - 0x00007ffdd5f6e000 	C:\WINDOWS\System32\combase.dll
0x00007ffdd45a0000 - 0x00007ffdd4677000 	C:\WINDOWS\System32\OLEAUT32.dll
0x00007ffdba440000 - 0x00007ffdba472000 	C:\WINDOWS\SYSTEM32\dbgcore.DLL
0x00007ffdd3620000 - 0x00007ffdd369b000 	C:\WINDOWS\System32\bcryptPrimitives.dll
0x00007ffdc9d70000 - 0x00007ffdc9d95000 	C:\Users\kiran\Downloads\eclipse-java-2023-06-R-win32-x86_64\eclipse\plugins\org.eclipse.justj.openjdk.hotspot.jre.full.win32.x86_64_17.0.7.v20230425-1502\jre\bin\java.dll
0x00007ffdc9d50000 - 0x00007ffdc9d68000 	C:\Users\kiran\Downloads\eclipse-java-2023-06-R-win32-x86_64\eclipse\plugins\org.eclipse.justj.openjdk.hotspot.jre.full.win32.x86_64_17.0.7.v20230425-1502\jre\bin\zip.dll
0x00007ffdd52b0000 - 0x00007ffdd5b17000 	C:\WINDOWS\System32\SHELL32.dll
0x00007ffdd1200000 - 0x00007ffdd1aff000 	C:\WINDOWS\SYSTEM32\windows.storage.dll
0x00007ffdd10c0000 - 0x00007ffdd11ff000 	C:\WINDOWS\SYSTEM32\wintypes.dll
0x00007ffdd44a0000 - 0x00007ffdd4599000 	C:\WINDOWS\System32\SHCORE.dll
0x00007ffdd3d80000 - 0x00007ffdd3dde000 	C:\WINDOWS\System32\shlwapi.dll
0x00007ffdd3200000 - 0x00007ffdd3227000 	C:\WINDOWS\SYSTEM32\profapi.dll
0x00007ffdc9d30000 - 0x00007ffdc9d49000 	C:\Users\kiran\Downloads\eclipse-java-2023-06-R-win32-x86_64\eclipse\plugins\org.eclipse.justj.openjdk.hotspot.jre.full.win32.x86_64_17.0.7.v20230425-1502\jre\bin\net.dll
0x00007ffdcbfd0000 - 0x00007ffdcc106000 	C:\WINDOWS\SYSTEM32\WINHTTP.dll
0x00007ffdd2740000 - 0x00007ffdd27a9000 	C:\WINDOWS\system32\mswsock.dll
0x00007ffdc9d10000 - 0x00007ffdc9d25000 	C:\Users\kiran\Downloads\eclipse-java-2023-06-R-win32-x86_64\eclipse\plugins\org.eclipse.justj.openjdk.hotspot.jre.full.win32.x86_64_17.0.7.v20230425-1502\jre\bin\nio.dll
0x00007ffdd1d90000 - 0x00007ffdd1e88000 	C:\WINDOWS\SYSTEM32\DNSAPI.dll
0x00007ffdd1d60000 - 0x00007ffdd1d8d000 	C:\WINDOWS\SYSTEM32\IPHLPAPI.DLL
0x00007ffdd4860000 - 0x00007ffdd4869000 	C:\WINDOWS\System32\NSI.dll
0x00007ffdc85c0000 - 0x00007ffdc85ca000 	C:\Windows\System32\rasadhlp.dll
0x00007ffdc8680000 - 0x00007ffdc8703000 	C:\WINDOWS\System32\fwpuclnt.dll
0x00007ffdd29e0000 - 0x00007ffdd29fb000 	C:\WINDOWS\SYSTEM32\CRYPTSP.dll
0x00007ffdd2240000 - 0x00007ffdd2275000 	C:\WINDOWS\system32\rsaenh.dll
0x00007ffdd27e0000 - 0x00007ffdd2808000 	C:\WINDOWS\SYSTEM32\USERENV.dll
0x00007ffdd2940000 - 0x00007ffdd294c000 	C:\WINDOWS\SYSTEM32\CRYPTBASE.dll
0x00007ffdcbdd0000 - 0x00007ffdcbde9000 	C:\WINDOWS\SYSTEM32\dhcpcsvc6.DLL
0x00007ffdcb4d0000 - 0x00007ffdcb4ef000 	C:\WINDOWS\SYSTEM32\dhcpcsvc.DLL
0x00007ffdc9cb0000 - 0x00007ffdc9cbe000 	C:\Users\kiran\Downloads\eclipse-java-2023-06-R-win32-x86_64\eclipse\plugins\org.eclipse.justj.openjdk.hotspot.jre.full.win32.x86_64_17.0.7.v20230425-1502\jre\bin\sunmscapi.dll
0x00007ffdd3b70000 - 0x00007ffdd3cd6000 	C:\WINDOWS\System32\CRYPT32.dll
0x00007ffdd2ba0000 - 0x00007ffdd2bce000 	C:\WINDOWS\SYSTEM32\ncrypt.dll
0x00007ffdd2b60000 - 0x00007ffdd2b97000 	C:\WINDOWS\SYSTEM32\NTASN1.dll
0x00007ffda7cc0000 - 0x00007ffda7cc8000 	C:\WINDOWS\system32\wshunix.dll

dbghelp: loaded successfully - version: 4.0.5 - missing functions: none
symbol engine: initialized successfully - sym options: 0x614 - pdb path: .;C:\Users\kiran\Downloads\eclipse-java-2023-06-R-win32-x86_64\eclipse\plugins\org.eclipse.justj.openjdk.hotspot.jre.full.win32.x86_64_17.0.7.v20230425-1502\jre\bin;C:\WINDOWS\SYSTEM32;C:\WINDOWS\WinSxS\amd64_microsoft.windows.common-controls_6595b64144ccf1df_6.0.22621.3672_none_2713b9d173822955;C:\Users\kiran\Downloads\eclipse-java-2023-06-R-win32-x86_64\eclipse\plugins\org.eclipse.justj.openjdk.hotspot.jre.full.win32.x86_64_17.0.7.v20230425-1502\jre\bin\server

VM Arguments:
jvm_args: -Dfile.encoding=UTF-8 -XX:+ShowCodeDetailsInExceptionMessages 
java_command: Product.DeleteProduct
java_class_path (initial): C:\Users\kiran\eclipse-workspace\AdvanceSelenium\target\test-classes;C:\Users\kiran\eclipse-workspace\AdvanceSelenium\target\classes;C:\Users\kiran\.m2\repository\org\seleniumhq\selenium\selenium-java\4.22.0\selenium-java-4.22.0.jar;C:\Users\kiran\.m2\repository\org\seleniumhq\selenium\selenium-api\4.22.0\selenium-api-4.22.0.jar;C:\Users\kiran\.m2\repository\org\seleniumhq\selenium\selenium-chrome-driver\4.22.0\selenium-chrome-driver-4.22.0.jar;C:\Users\kiran\.m2\repository\com\google\auto\service\auto-service-annotations\1.1.1\auto-service-annotations-1.1.1.jar;C:\Users\kiran\.m2\repository\org\seleniumhq\selenium\selenium-chromium-driver\4.22.0\selenium-chromium-driver-4.22.0.jar;C:\Users\kiran\.m2\repository\org\seleniumhq\selenium\selenium-json\4.22.0\selenium-json-4.22.0.jar;C:\Users\kiran\.m2\repository\org\seleniumhq\selenium\selenium-manager\4.22.0\selenium-manager-4.22.0.jar;C:\Users\kiran\.m2\repository\org\seleniumhq\selenium\selenium-devtools-v124\4.22.0\selenium-devtools-v124-4.22.0.jar;C:\Users\kiran\.m2\repository\org\seleniumhq\selenium\selenium-devtools-v125\4.22.0\selenium-devtools-v125-4.22.0.jar;C:\Users\kiran\.m2\repository\org\seleniumhq\selenium\selenium-devtools-v126\4.22.0\selenium-devtools-v126-4.22.0.jar;C:\Users\kiran\.m2\repository\org\seleniumhq\selenium\selenium-devtools-v85\4.22.0\selenium-devtools-v85-4.22.0.jar;C:\Users\kiran\.m2\repository\org\seleniumhq\selenium\selenium-edge-driver\4.22.0\selenium-edge-driver-4.22.0.jar;C:\Users\kiran\.m2\repository\org\seleniumhq\selenium\selenium-firefox-driver\4.22.0\selenium-firefox-driver-4.22.0.jar;C:\Users\kiran\.m2\repository\org\seleniumhq\selenium\selenium-http\4.22.0\selenium-http-4.22.0.jar;C:\Users\kiran\.m2\repository\dev\failsafe\failsafe\3.3.2\failsafe-3.3.2.jar;C:\Users\kiran\.m2\repository\org\seleniumhq\selenium\selenium-ie-driver\4.22.0\selenium-ie-driver-4.22.0.jar;C:\Users\kiran\.m2\repository\org\seleniumhq\selenium\selenium-remote-driver\4.22.0
Launcher Type: SUN_STANDARD

[Global flags]
     intx CICompilerCount                          = 4                                         {product} {ergonomic}
     uint ConcGCThreads                            = 3                                         {product} {ergonomic}
     uint G1ConcRefinementThreads                  = 10                                        {product} {ergonomic}
   size_t G1HeapRegionSize                         = 1048576                                   {product} {ergonomic}
    uintx GCDrainStackTargetSize                   = 64                                        {product} {ergonomic}
   size_t InitialHeapSize                          = 62914560                                  {product} {ergonomic}
   size_t MarkStackSize                            = 4194304                                   {product} {ergonomic}
   size_t MaxHeapSize                              = 994050048                                 {product} {ergonomic}
   size_t MaxNewSize                               = 595591168                                 {product} {ergonomic}
   size_t MinHeapDeltaBytes                        = 1048576                                   {product} {ergonomic}
   size_t MinHeapSize                              = 8388608                                   {product} {ergonomic}
    uintx NonNMethodCodeHeapSize                   = 5839372                                {pd product} {ergonomic}
    uintx NonProfiledCodeHeapSize                  = 122909434                              {pd product} {ergonomic}
    uintx ProfiledCodeHeapSize                     = 122909434                              {pd product} {ergonomic}
    uintx ReservedCodeCacheSize                    = 251658240                              {pd product} {ergonomic}
     bool SegmentedCodeCache                       = true                                      {product} {ergonomic}
     bool ShowCodeDetailsInExceptionMessages       = true                                   {manageable} {command line}
   size_t SoftMaxHeapSize                          = 994050048                              {manageable} {ergonomic}
     bool UseCompressedClassPointers               = true                           {product lp64_product} {ergonomic}
     bool UseCompressedOops                        = true                           {product lp64_product} {ergonomic}
     bool UseG1GC                                  = true                                      {product} {ergonomic}
     bool UseLargePagesIndividualAllocation        = false                                  {pd product} {ergonomic}

Logging:
Log output configuration:
 #0: stdout all=warning uptime,level,tags
 #1: stderr all=off uptime,level,tags

Environment Variables:
JAVA_HOME=C:\Program Files\Java\jdk-21
PATH=C:/Users/kiran/Downloads/eclipse-java-2023-06-R-win32-x86_64/eclipse//plugins/org.eclipse.justj.openjdk.hotspot.jre.full.win32.x86_64_17.0.7.v20230425-1502/jre/bin/server;C:/Users/kiran/Downloads/eclipse-java-2023-06-R-win32-x86_64/eclipse//plugins/org.eclipse.justj.openjdk.hotspot.jre.full.win32.x86_64_17.0.7.v20230425-1502/jre/bin;C:\Program Files\Common Files\Oracle\Java\javapath;C:\WINDOWS\system32;C:\WINDOWS;C:\WINDOWS\System32\Wbem;C:\WINDOWS\System32\WindowsPowerShell\v1.0\;C:\WINDOWS\System32\OpenSSH\;C:\Program Files\Java\jdk-21\bin;C:\Program Files (x86)\MySQL\MySQL Server 5.5\bin;C:\Users\kiran\AppData\Local\Microsoft\WindowsApps;;C:\Program Files\JetBrains\IntelliJ IDEA Community Edition 2024.2.0.2\bin;;C:\Users\kiran\Downloads\eclipse-java-2023-06-R-win32-x86_64\eclipse;
USERNAME=kiran
OS=Windows_NT
PROCESSOR_IDENTIFIER=Intel64 Family 6 Model 154 Stepping 4, GenuineIntel
TMP=C:\Users\kiran\AppData\Local\Temp
TEMP=C:\Users\kiran\AppData\Local\Temp



---------------  S Y S T E M  ---------------

OS:
 Windows 11 , 64 bit Build 22621 (10.0.22621.3958)
OS uptime: 4 days 3:19 hours
Hyper-V role detected

CPU: total 12 (initial active 12) (6 cores per cpu, 2 threads per core) family 6 model 154 stepping 4 microcode 0x41b, cx8, cmov, fxsr, ht, mmx, 3dnowpref, sse, sse2, sse3, ssse3, sse4.1, sse4.2, popcnt, lzcnt, tsc, tscinvbit, avx, avx2, aes, erms, clmul, bmi1, bmi2, adx, sha, fma, vzeroupper, clflush, clflushopt, clwb, hv

Memory: 4k page, system-wide physical 3790M (7M free)
TotalPageFile size 15566M (AvailPageFile size 0M)
current process WorkingSet (physical memory assigned to process): 84M, peak: 98M
current process commit charge ("private bytes"): 165M, peak: 165M

vm_info: OpenJDK 64-Bit Server VM (17.0.7+7) for windows-amd64 JRE (17.0.7+7), built on Apr 18 2023 22:10:42 by "temurin" with MS VC++ 16.7 (VS2019)

END.
