#
# There is insufficient memory for the Java Runtime Environment to continue.
# Native memory allocation (malloc) failed to allocate 300176 bytes for Chunk::new
# Possible reasons:
#   The system is out of physical RAM or swap space
#   The process is running with CompressedOops enabled, and the Java Heap may be blocking the growth of the native heap
# Possible solutions:
#   Reduce memory load on the system
#   Increase physical memory or swap space
#   Check if swap backing store is full
#   Decrease Java heap size (-Xmx/-Xms)
#   Decrease number of Java threads
#   Decrease Java thread stack sizes (-Xss)
#   Set larger code cache with -XX:ReservedCodeCacheSize=
#   JVM is running with Unscaled Compressed Oops mode in which the Java heap is
#     placed in the first 4GB address space. The Java Heap base address is the
#     maximum limit for the native heap growth. Please use -XX:HeapBaseMinAddress
#     to set the Java Heap base and to place the Java Heap above 4GB virtual address.
# This output file may be truncated or incomplete.
#
#  Out of Memory Error (arena.cpp:189), pid=26980, tid=364
#
# JRE version: OpenJDK Runtime Environment Temurin-17.0.7+7 (17.0.7+7) (build 17.0.7+7)
# Java VM: OpenJDK 64-Bit Server VM Temurin-17.0.7+7 (17.0.7+7, mixed mode, tiered, compressed oops, compressed class ptrs, g1 gc, windows-amd64)
# No core dump will be written. Minidumps are not enabled by default on client versions of Windows
#

---------------  S U M M A R Y ------------

Command Line: -Dfile.encoding=UTF-8 -XX:+ShowCodeDetailsInExceptionMessages Product.DeleteProduct

Host: 12th Gen Intel(R) Core(TM) i3-1220P, 12 cores, 3G,  Windows 11 , 64 bit Build 22621 (10.0.22621.3958)
Time: Fri Sep 27 22:34:41 2024 Pacific Daylight Time elapsed time: 5.186465 seconds (0d 0h 0m 5s)

---------------  T H R E A D  ---------------

Current thread (0x000001412a00de60):  JavaThread "C2 CompilerThread0" daemon [_thread_in_native, id=364, stack(0x0000002bf7000000,0x0000002bf7100000)]


Current CompileTask:
C2:   5186 1717       4       java.lang.invoke.MethodType::makeImpl (109 bytes)

Stack: [0x0000002bf7000000,0x0000002bf7100000]
Native frames: (J=compiled Java code, j=interpreted, Vv=VM code, C=native code)
V  [jvm.dll+0x67754a]
V  [jvm.dll+0x834304]
V  [jvm.dll+0x835aae]
V  [jvm.dll+0x836113]
V  [jvm.dll+0x24696f]
V  [jvm.dll+0xac0ac]
V  [jvm.dll+0xac67c]
V  [jvm.dll+0x5619c9]
V  [jvm.dll+0x32f6e0]
V  [jvm.dll+0x32eb5a]
V  [jvm.dll+0x219641]
V  [jvm.dll+0x218a61]
V  [jvm.dll+0x1a4d8d]
V  [jvm.dll+0x2284da]
V  [jvm.dll+0x226615]
V  [jvm.dll+0x7ea90b]
V  [jvm.dll+0x7e4e7a]
V  [jvm.dll+0x676395]
C  [ucrtbase.dll+0x29333]
C  [KERNEL32.DLL+0x1257d]
C  [ntdll.dll+0x5af28]


---------------  P R O C E S S  ---------------

Threads class SMR info:
_java_thread_list=0x000001412afdcdf0, length=26, elements={
0x000001410e0f3ac0, 0x0000014125c76e80, 0x0000014125c77a30, 0x0000014125cc1e90,
0x0000014125cc2a40, 0x0000014125cc35f0, 0x000001412a002190, 0x000001412a00de60,
0x000001412a025d10, 0x000001412a026610, 0x000001412a188660, 0x000001412a1b7a20,
0x000001412a9d65f0, 0x000001412aed65d0, 0x000001412aed9290, 0x000001412af00ed0,
0x000001412af013a0, 0x000001412ae37f50, 0x000001412ae38420, 0x000001412af3a540,
0x000001412af3cbc0, 0x000001412af3da30, 0x000001412af3d090, 0x000001412af3b880,
0x000001412af3d560, 0x000001412af3a070
}

Java Threads: ( => current thread )
  0x000001410e0f3ac0 JavaThread "Forwarding get on session 73924780df6ce21855aa0f4c29a5f667 to remote" [_thread_blocked, id=31036, stack(0x0000002bf6300000,0x0000002bf6400000)]
  0x0000014125c76e80 JavaThread "Reference Handler" daemon [_thread_blocked, id=31372, stack(0x0000002bf6a00000,0x0000002bf6b00000)]
  0x0000014125c77a30 JavaThread "Finalizer" daemon [_thread_blocked, id=8400, stack(0x0000002bf6b00000,0x0000002bf6c00000)]
  0x0000014125cc1e90 JavaThread "Signal Dispatcher" daemon [_thread_blocked, id=23112, stack(0x0000002bf6c00000,0x0000002bf6d00000)]
  0x0000014125cc2a40 JavaThread "Attach Listener" daemon [_thread_blocked, id=30676, stack(0x0000002bf6d00000,0x0000002bf6e00000)]
  0x0000014125cc35f0 JavaThread "Service Thread" daemon [_thread_blocked, id=1624, stack(0x0000002bf6e00000,0x0000002bf6f00000)]
  0x000001412a002190 JavaThread "Monitor Deflation Thread" daemon [_thread_blocked, id=20108, stack(0x0000002bf6f00000,0x0000002bf7000000)]
=>0x000001412a00de60 JavaThread "C2 CompilerThread0" daemon [_thread_in_native, id=364, stack(0x0000002bf7000000,0x0000002bf7100000)]
  0x000001412a025d10 JavaThread "C1 CompilerThread0" daemon [_thread_blocked, id=33156, stack(0x0000002bf7100000,0x0000002bf7200000)]
  0x000001412a026610 JavaThread "Sweeper thread" daemon [_thread_blocked, id=25656, stack(0x0000002bf7200000,0x0000002bf7300000)]
  0x000001412a188660 JavaThread "Notification Thread" daemon [_thread_blocked, id=21584, stack(0x0000002bf7300000,0x0000002bf7400000)]
  0x000001412a1b7a20 JavaThread "Common-Cleaner" daemon [_thread_blocked, id=4296, stack(0x0000002bf7500000,0x0000002bf7600000)]
  0x000001412a9d65f0 JavaThread "ForkJoinPool.commonPool-worker-1" daemon [_thread_blocked, id=32172, stack(0x0000002bf7600000,0x0000002bf7700000)]
  0x000001412aed65d0 JavaThread "HttpClient-1-SelectorManager" daemon [_thread_in_native, id=34072, stack(0x0000002bf7e00000,0x0000002bf7f00000)]
  0x000001412aed9290 JavaThread "External Process Output Forwarder - C:\Users\kiran\.cache\selenium\chromedriver\win64\129.0.6668.70\chromedriver.exe" daemon [_thread_in_native, id=33544, stack(0x0000002bf7f00000,0x0000002bf8000000)]
  0x000001412af00ed0 JavaThread "Driver Service Executor" daemon [_thread_blocked, id=26216, stack(0x0000002bf8000000,0x0000002bf8100000)]
  0x000001412af013a0 JavaThread "Driver Service Executor" daemon [_thread_in_native, id=1780, stack(0x0000002bf8100000,0x0000002bf8200000)]
  0x000001412ae37f50 JavaThread "UrlChecker-2" daemon [_thread_blocked, id=17388, stack(0x0000002bf8200000,0x0000002bf8300000)]
  0x000001412ae38420 JavaThread "Keep-Alive-Timer" daemon [_thread_blocked, id=17404, stack(0x0000002bf8400000,0x0000002bf8500000)]
  0x000001412af3a540 JavaThread "JdkHttpClient-0-0" daemon [_thread_blocked, id=29084, stack(0x0000002bf8500000,0x0000002bf8600000)]
  0x000001412af3cbc0 JavaThread "JdkHttpClient-0-1" daemon [_thread_blocked, id=30792, stack(0x0000002bf8600000,0x0000002bf8700000)]
  0x000001412af3da30 JavaThread "JdkHttpClient-0-2" daemon [_thread_blocked, id=25220, stack(0x0000002bf8700000,0x0000002bf8800000)]
  0x000001412af3d090 JavaThread "HttpClient-2-SelectorManager" daemon [_thread_in_native, id=31284, stack(0x0000002bf8a00000,0x0000002bf8b00000)]
  0x000001412af3b880 JavaThread "JdkHttpClient-1-0" daemon [_thread_blocked, id=24528, stack(0x0000002bf8b00000,0x0000002bf8c00000)]
  0x000001412af3d560 JavaThread "JdkHttpClient-1-1" daemon [_thread_blocked, id=9372, stack(0x0000002bf8c00000,0x0000002bf8d00000)]
  0x000001412af3a070 JavaThread "JdkHttpClient-1-2" daemon [_thread_blocked, id=11960, stack(0x0000002bf8d00000,0x0000002bf8e00000)]

Other Threads:
  0x0000014125c70ed0 VMThread "VM Thread" [stack: 0x0000002bf6900000,0x0000002bf6a00000] [id=22268]
  0x000001412a188b30 WatcherThread [stack: 0x0000002bf7400000,0x0000002bf7500000] [id=9912]
  0x000001410e130b10 GCTaskThread "GC Thread#0" [stack: 0x0000002bf6400000,0x0000002bf6500000] [id=27204]
  0x000001412ae6f7b0 GCTaskThread "GC Thread#1" [stack: 0x0000002bf7700000,0x0000002bf7800000] [id=32188]
  0x000001412ae7dd00 GCTaskThread "GC Thread#2" [stack: 0x0000002bf7800000,0x0000002bf7900000] [id=9144]
  0x000001412ae0ece0 GCTaskThread "GC Thread#3" [stack: 0x0000002bf7900000,0x0000002bf7a00000] [id=31120]
  0x000001412ae0ef90 GCTaskThread "GC Thread#4" [stack: 0x0000002bf7a00000,0x0000002bf7b00000] [id=30408]
  0x000001412ae11250 GCTaskThread "GC Thread#5" [stack: 0x0000002bf7b00000,0x0000002bf7c00000] [id=8820]
  0x000001412ae11500 GCTaskThread "GC Thread#6" [stack: 0x0000002bf7c00000,0x0000002bf7d00000] [id=15208]
  0x000001412ae117b0 GCTaskThread "GC Thread#7" [stack: 0x0000002bf7d00000,0x0000002bf7e00000] [id=32396]
  0x000001412afec8f0 GCTaskThread "GC Thread#8" [stack: 0x0000002bf8800000,0x0000002bf8900000] [id=13840]
  0x000001412afecba0 GCTaskThread "GC Thread#9" [stack: 0x0000002bf8900000,0x0000002bf8a00000] [id=15660]
  0x000001410e1390d0 ConcurrentGCThread "G1 Main Marker" [stack: 0x0000002bf6500000,0x0000002bf6600000] [id=34672]
  0x000001410e13a280 ConcurrentGCThread "G1 Conc#0" [stack: 0x0000002bf6600000,0x0000002bf6700000] [id=28704]
  0x000001410e19df60 ConcurrentGCThread "G1 Refine#0" [stack: 0x0000002bf6700000,0x0000002bf6800000] [id=3048]
  0x000001410e19e980 ConcurrentGCThread "G1 Service" [stack: 0x0000002bf6800000,0x0000002bf6900000] [id=16196]

Threads with active compile tasks:
C2 CompilerThread0     5224 1717       4       java.lang.invoke.MethodType::makeImpl (109 bytes)

VM state: not at safepoint (normal execution)

VM Mutex/Monitor currently owned by a thread: None

Heap address: 0x00000000c4c00000, size: 948 MB, Compressed Oops mode: 32-bit

CDS archive(s) not mapped
Compressed class space mapped at: 0x0000000100000000-0x0000000140000000, reserved size: 1073741824
Narrow klass base: 0x0000000000000000, Narrow klass shift: 3, Narrow klass range: 0x140000000

GC Precious Log:
 CPUs: 12 total, 12 available
 Memory: 3790M
 Large Page Support: Disabled
 NUMA Support: Disabled
 Compressed Oops: Enabled (32-bit)
 Heap Region Size: 1M
 Heap Min Capacity: 8M
 Heap Initial Capacity: 60M
 Heap Max Capacity: 948M
 Pre-touch: Disabled
 Parallel Workers: 10
 Concurrent Workers: 3
 Concurrent Refinement Workers: 10
 Periodic GC: Disabled

Heap:
 garbage-first heap   total 61440K, used 16967K [0x00000000c4c00000, 0x0000000100000000)
  region size 1024K, 7 young (7168K), 2 survivors (2048K)
 Metaspace       used 20413K, committed 20672K, reserved 1114112K
  class space    used 2180K, committed 2304K, reserved 1048576K

Heap Regions: E=young(eden), S=young(survivor), O=old, HS=humongous(starts), HC=humongous(continues), CS=collection set, F=free, OA=open archive, CA=closed archive, TAMS=top-at-mark-start (previous, next)
|   0|0x00000000c4c00000, 0x00000000c4d00000, 0x00000000c4d00000|100%|HS|  |TAMS 0x00000000c4c00000, 0x00000000c4c00000| Complete 
|   1|0x00000000c4d00000, 0x00000000c4e00000, 0x00000000c4e00000|100%| O|  |TAMS 0x00000000c4d00000, 0x00000000c4d00000| Untracked 
|   2|0x00000000c4e00000, 0x00000000c4f00000, 0x00000000c4f00000|100%| O|  |TAMS 0x00000000c4e00000, 0x00000000c4e00000| Untracked 
|   3|0x00000000c4f00000, 0x00000000c5000000, 0x00000000c5000000|100%| O|  |TAMS 0x00000000c4f00000, 0x00000000c4f00000| Untracked 
|   4|0x00000000c5000000, 0x00000000c5100000, 0x00000000c5100000|100%| O|  |TAMS 0x00000000c5000000, 0x00000000c5000000| Untracked 
|   5|0x00000000c5100000, 0x00000000c5200000, 0x00000000c5200000|100%| O|  |TAMS 0x00000000c5100000, 0x00000000c5100000| Untracked 
|   6|0x00000000c5200000, 0x00000000c5300000, 0x00000000c5300000|100%| O|  |TAMS 0x00000000c5200000, 0x00000000c5200000| Untracked 
|   7|0x00000000c5300000, 0x00000000c5400000, 0x00000000c5400000|100%| O|  |TAMS 0x00000000c5300000, 0x00000000c5300000| Untracked 
|   8|0x00000000c5400000, 0x00000000c5500000, 0x00000000c5500000|100%| O|  |TAMS 0x00000000c5400000, 0x00000000c5400000| Untracked 
|   9|0x00000000c5500000, 0x00000000c5600000, 0x00000000c5600000|100%| O|  |TAMS 0x00000000c5500000, 0x00000000c5500000| Untracked 
|  10|0x00000000c5600000, 0x00000000c5691c00, 0x00000000c5700000| 56%| O|  |TAMS 0x00000000c5600000, 0x00000000c5600000| Untracked 
|  11|0x00000000c5700000, 0x00000000c5700000, 0x00000000c5800000|  0%| F|  |TAMS 0x00000000c5700000, 0x00000000c5700000| Untracked 
|  12|0x00000000c5800000, 0x00000000c5800000, 0x00000000c5900000|  0%| F|  |TAMS 0x00000000c5800000, 0x00000000c5800000| Untracked 
|  13|0x00000000c5900000, 0x00000000c5900000, 0x00000000c5a00000|  0%| F|  |TAMS 0x00000000c5900000, 0x00000000c5900000| Untracked 
|  14|0x00000000c5a00000, 0x00000000c5a00000, 0x00000000c5b00000|  0%| F|  |TAMS 0x00000000c5a00000, 0x00000000c5a00000| Untracked 
|  15|0x00000000c5b00000, 0x00000000c5b00000, 0x00000000c5c00000|  0%| F|  |TAMS 0x00000000c5b00000, 0x00000000c5b00000| Untracked 
|  16|0x00000000c5c00000, 0x00000000c5c00000, 0x00000000c5d00000|  0%| F|  |TAMS 0x00000000c5c00000, 0x00000000c5c00000| Untracked 
|  17|0x00000000c5d00000, 0x00000000c5d00000, 0x00000000c5e00000|  0%| F|  |TAMS 0x00000000c5d00000, 0x00000000c5d00000| Untracked 
|  18|0x00000000c5e00000, 0x00000000c5e00000, 0x00000000c5f00000|  0%| F|  |TAMS 0x00000000c5e00000, 0x00000000c5e00000| Untracked 
|  19|0x00000000c5f00000, 0x00000000c5f00000, 0x00000000c6000000|  0%| F|  |TAMS 0x00000000c5f00000, 0x00000000c5f00000| Untracked 
|  20|0x00000000c6000000, 0x00000000c6000000, 0x00000000c6100000|  0%| F|  |TAMS 0x00000000c6000000, 0x00000000c6000000| Untracked 
|  21|0x00000000c6100000, 0x00000000c6100000, 0x00000000c6200000|  0%| F|  |TAMS 0x00000000c6100000, 0x00000000c6100000| Untracked 
|  22|0x00000000c6200000, 0x00000000c6200000, 0x00000000c6300000|  0%| F|  |TAMS 0x00000000c6200000, 0x00000000c6200000| Untracked 
|  23|0x00000000c6300000, 0x00000000c6300000, 0x00000000c6400000|  0%| F|  |TAMS 0x00000000c6300000, 0x00000000c6300000| Untracked 
|  24|0x00000000c6400000, 0x00000000c6400000, 0x00000000c6500000|  0%| F|  |TAMS 0x00000000c6400000, 0x00000000c6400000| Untracked 
|  25|0x00000000c6500000, 0x00000000c6500000, 0x00000000c6600000|  0%| F|  |TAMS 0x00000000c6500000, 0x00000000c6500000| Untracked 
|  26|0x00000000c6600000, 0x00000000c6600000, 0x00000000c6700000|  0%| F|  |TAMS 0x00000000c6600000, 0x00000000c6600000| Untracked 
|  27|0x00000000c6700000, 0x00000000c6700000, 0x00000000c6800000|  0%| F|  |TAMS 0x00000000c6700000, 0x00000000c6700000| Untracked 
|  28|0x00000000c6800000, 0x00000000c6800000, 0x00000000c6900000|  0%| F|  |TAMS 0x00000000c6800000, 0x00000000c6800000| Untracked 
|  29|0x00000000c6900000, 0x00000000c6900000, 0x00000000c6a00000|  0%| F|  |TAMS 0x00000000c6900000, 0x00000000c6900000| Untracked 
|  30|0x00000000c6a00000, 0x00000000c6a00000, 0x00000000c6b00000|  0%| F|  |TAMS 0x00000000c6a00000, 0x00000000c6a00000| Untracked 
|  31|0x00000000c6b00000, 0x00000000c6b00000, 0x00000000c6c00000|  0%| F|  |TAMS 0x00000000c6b00000, 0x00000000c6b00000| Untracked 
|  32|0x00000000c6c00000, 0x00000000c6c00000, 0x00000000c6d00000|  0%| F|  |TAMS 0x00000000c6c00000, 0x00000000c6c00000| Untracked 
|  33|0x00000000c6d00000, 0x00000000c6d00000, 0x00000000c6e00000|  0%| F|  |TAMS 0x00000000c6d00000, 0x00000000c6d00000| Untracked 
|  34|0x00000000c6e00000, 0x00000000c6e00000, 0x00000000c6f00000|  0%| F|  |TAMS 0x00000000c6e00000, 0x00000000c6e00000| Untracked 
|  35|0x00000000c6f00000, 0x00000000c6f00000, 0x00000000c7000000|  0%| F|  |TAMS 0x00000000c6f00000, 0x00000000c6f00000| Untracked 
|  36|0x00000000c7000000, 0x00000000c7000000, 0x00000000c7100000|  0%| F|  |TAMS 0x00000000c7000000, 0x00000000c7000000| Untracked 
|  37|0x00000000c7100000, 0x00000000c7100000, 0x00000000c7200000|  0%| F|  |TAMS 0x00000000c7100000, 0x00000000c7100000| Untracked 
|  38|0x00000000c7200000, 0x00000000c7200000, 0x00000000c7300000|  0%| F|  |TAMS 0x00000000c7200000, 0x00000000c7200000| Untracked 
|  39|0x00000000c7300000, 0x00000000c7300000, 0x00000000c7400000|  0%| F|  |TAMS 0x00000000c7300000, 0x00000000c7300000| Untracked 
|  40|0x00000000c7400000, 0x00000000c7400000, 0x00000000c7500000|  0%| F|  |TAMS 0x00000000c7400000, 0x00000000c7400000| Untracked 
|  41|0x00000000c7500000, 0x00000000c7600000, 0x00000000c7600000|100%| S|CS|TAMS 0x00000000c7500000, 0x00000000c7500000| Complete 
|  42|0x00000000c7600000, 0x00000000c7700000, 0x00000000c7700000|100%| S|CS|TAMS 0x00000000c7600000, 0x00000000c7600000| Complete 
|  43|0x00000000c7700000, 0x00000000c7700000, 0x00000000c7800000|  0%| F|  |TAMS 0x00000000c7700000, 0x00000000c7700000| Untracked 
|  44|0x00000000c7800000, 0x00000000c7800000, 0x00000000c7900000|  0%| F|  |TAMS 0x00000000c7800000, 0x00000000c7800000| Untracked 
|  45|0x00000000c7900000, 0x00000000c7900000, 0x00000000c7a00000|  0%| F|  |TAMS 0x00000000c7900000, 0x00000000c7900000| Untracked 
|  46|0x00000000c7a00000, 0x00000000c7a00000, 0x00000000c7b00000|  0%| F|  |TAMS 0x00000000c7a00000, 0x00000000c7a00000| Untracked 
|  47|0x00000000c7b00000, 0x00000000c7b00000, 0x00000000c7c00000|  0%| F|  |TAMS 0x00000000c7b00000, 0x00000000c7b00000| Untracked 
|  48|0x00000000c7c00000, 0x00000000c7c00000, 0x00000000c7d00000|  0%| F|  |TAMS 0x00000000c7c00000, 0x00000000c7c00000| Untracked 
|  49|0x00000000c7d00000, 0x00000000c7d00000, 0x00000000c7e00000|  0%| F|  |TAMS 0x00000000c7d00000, 0x00000000c7d00000| Untracked 
|  50|0x00000000c7e00000, 0x00000000c7e00000, 0x00000000c7f00000|  0%| F|  |TAMS 0x00000000c7e00000, 0x00000000c7e00000| Untracked 
|  51|0x00000000c7f00000, 0x00000000c7f00000, 0x00000000c8000000|  0%| F|  |TAMS 0x00000000c7f00000, 0x00000000c7f00000| Untracked 
|  52|0x00000000c8000000, 0x00000000c8000000, 0x00000000c8100000|  0%| F|  |TAMS 0x00000000c8000000, 0x00000000c8000000| Untracked 
|  53|0x00000000c8100000, 0x00000000c8100000, 0x00000000c8200000|  0%| F|  |TAMS 0x00000000c8100000, 0x00000000c8100000| Untracked 
|  54|0x00000000c8200000, 0x00000000c8200000, 0x00000000c8300000|  0%| F|  |TAMS 0x00000000c8200000, 0x00000000c8200000| Untracked 
|  55|0x00000000c8300000, 0x00000000c83eb868, 0x00000000c8400000| 92%| E|  |TAMS 0x00000000c8300000, 0x00000000c8300000| Complete 
|  56|0x00000000c8400000, 0x00000000c8500000, 0x00000000c8500000|100%| E|CS|TAMS 0x00000000c8400000, 0x00000000c8400000| Complete 
|  57|0x00000000c8500000, 0x00000000c8600000, 0x00000000c8600000|100%| E|CS|TAMS 0x00000000c8500000, 0x00000000c8500000| Complete 
|  58|0x00000000c8600000, 0x00000000c8700000, 0x00000000c8700000|100%| E|CS|TAMS 0x00000000c8600000, 0x00000000c8600000| Complete 
|  59|0x00000000c8700000, 0x00000000c8800000, 0x00000000c8800000|100%| E|CS|TAMS 0x00000000c8700000, 0x00000000c8700000| Complete 

Card table byte_map: [0x0000014120ed0000,0x00000141210b0000] _byte_map_base: 0x00000141208aa000

Marking Bits (Prev, Next): (CMBitMap*) 0x000001410e131120, (CMBitMap*) 0x000001410e131160
 Prev Bits: [0x0000014121290000, 0x0000014122160000)
 Next Bits: [0x0000014122160000, 0x0000014123030000)

Polling page: 0x000001410c0b0000

Metaspace:

Usage:
  Non-class:     17.81 MB used.
      Class:      2.13 MB used.
       Both:     19.93 MB used.

Virtual space:
  Non-class space:       64.00 MB reserved,      17.94 MB ( 28%) committed,  1 nodes.
      Class space:        1.00 GB reserved,       2.25 MB ( <1%) committed,  1 nodes.
             Both:        1.06 GB reserved,      20.19 MB (  2%) committed. 

Chunk freelists:
   Non-Class:  14.06 MB
       Class:  13.60 MB
        Both:  27.66 MB

MaxMetaspaceSize: unlimited
CompressedClassSpaceSize: 1.00 GB
Initial GC threshold: 21.00 MB
Current GC threshold: 21.00 MB
CDS: off
MetaspaceReclaimPolicy: balanced
 - commit_granule_bytes: 65536.
 - commit_granule_words: 8192.
 - virtual_space_node_default_size: 8388608.
 - enlarge_chunks_in_place: 1.
 - new_chunks_are_fully_committed: 0.
 - uncommit_free_chunks: 1.
 - use_allocation_guard: 0.
 - handle_deallocations: 1.


Internal statistics:

num_allocs_failed_limit: 0.
num_arena_births: 224.
num_arena_deaths: 0.
num_vsnodes_births: 2.
num_vsnodes_deaths: 0.
num_space_committed: 323.
num_space_uncommitted: 0.
num_chunks_returned_to_freelist: 0.
num_chunks_taken_from_freelist: 505.
num_chunk_merges: 0.
num_chunk_splits: 283.
num_chunks_enlarged: 180.
num_inconsistent_stats: 0.

CodeHeap 'non-profiled nmethods': size=120000Kb used=524Kb max_used=524Kb free=119476Kb
 bounds [0x0000014119260000, 0x00000141194d0000, 0x0000014120790000]
CodeHeap 'profiled nmethods': size=120000Kb used=3384Kb max_used=3384Kb free=116615Kb
 bounds [0x0000014111790000, 0x0000014111ae0000, 0x0000014118cc0000]
CodeHeap 'non-nmethods': size=5760Kb used=1210Kb max_used=1220Kb free=4549Kb
 bounds [0x0000014118cc0000, 0x0000014118f30000, 0x0000014119260000]
 total_blobs=2292 nmethods=1779 adapters=426
 compilation: enabled
              stopped_count=0, restarted_count=0
 full_count=0

Compilation events (20 events):
Event: 5.110 Thread 0x000001412a025d10 1747       1       java.time.zone.ZoneOffsetTransition::getOffsetBefore (5 bytes)
Event: 5.110 Thread 0x000001412a025d10 nmethod 1747 0x00000141192e1f10 code [0x00000141192e20a0, 0x00000141192e2178]
Event: 5.111 Thread 0x000001412a025d10 1753       3       java.util.ImmutableCollections$List12::<init> (20 bytes)
Event: 5.111 Thread 0x000001412a025d10 nmethod 1753 0x0000014111ac6510 code [0x0000014111ac66e0, 0x0000014111ac6b88]
Event: 5.115 Thread 0x000001412a025d10 1754       3       java.time.LocalTime::create (26 bytes)
Event: 5.115 Thread 0x000001412a025d10 nmethod 1754 0x0000014111ac6d10 code [0x0000014111ac6ec0, 0x0000014111ac7178]
Event: 5.128 Thread 0x000001412a025d10 1755       3       sun.util.locale.LocaleUtils::isUpper (18 bytes)
Event: 5.129 Thread 0x000001412a025d10 nmethod 1755 0x0000014111ac7290 code [0x0000014111ac7420, 0x0000014111ac7598]
Event: 5.130 Thread 0x000001412a025d10 1756       3       java.lang.reflect.Constructor::acquireConstructorAccessor (44 bytes)
Event: 5.131 Thread 0x000001412a025d10 nmethod 1756 0x0000014111ac7610 code [0x0000014111ac7800, 0x0000014111ac7cf8]
Event: 5.133 Thread 0x000001412a025d10 1757       3       java.util.StringTokenizer::skipDelimiters (116 bytes)
Event: 5.134 Thread 0x000001412a025d10 nmethod 1757 0x0000014111ac7e90 code [0x0000014111ac8140, 0x0000014111ac8e68]
Event: 5.134 Thread 0x000001412a025d10 1758       3       java.util.StringTokenizer::scanToken (179 bytes)
Event: 5.136 Thread 0x000001412a025d10 nmethod 1758 0x0000014111ac9310 code [0x0000014111ac9680, 0x0000014111acac98]
Event: 5.136 Thread 0x000001412a025d10 1759       3       java.util.StringTokenizer::hasMoreTokens (29 bytes)
Event: 5.136 Thread 0x000001412a025d10 nmethod 1759 0x0000014111acb490 code [0x0000014111acb640, 0x0000014111acb7e8]
Event: 5.136 Thread 0x000001412a025d10 1760       3       java.util.StringTokenizer::nextToken (92 bytes)
Event: 5.137 Thread 0x000001412a025d10 nmethod 1760 0x0000014111acb890 code [0x0000014111acba60, 0x0000014111acbdd8]
Event: 5.148 Thread 0x000001412a025d10 1761       1       java.lang.invoke.MethodHandle::isInvokeSpecial (2 bytes)
Event: 5.148 Thread 0x000001412a025d10 nmethod 1761 0x00000141192e2910 code [0x00000141192e2aa0, 0x00000141192e2b78]

GC Heap History (4 events):
Event: 1.642 GC heap before
{Heap before GC invocations=0 (full 0):
 garbage-first heap   total 61440K, used 24576K [0x00000000c4c00000, 0x0000000100000000)
  region size 1024K, 23 young (23552K), 0 survivors (0K)
 Metaspace       used 13727K, committed 13888K, reserved 1114112K
  class space    used 1368K, committed 1472K, reserved 1048576K
}
Event: 1.650 GC heap after
{Heap after GC invocations=1 (full 0):
 garbage-first heap   total 61440K, used 10924K [0x00000000c4c00000, 0x0000000100000000)
  region size 1024K, 3 young (3072K), 3 survivors (3072K)
 Metaspace       used 13727K, committed 13888K, reserved 1114112K
  class space    used 1368K, committed 1472K, reserved 1048576K
}
Event: 4.908 GC heap before
{Heap before GC invocations=1 (full 0):
 garbage-first heap   total 61440K, used 28332K [0x00000000c4c00000, 0x0000000100000000)
  region size 1024K, 20 young (20480K), 3 survivors (3072K)
 Metaspace       used 18793K, committed 19136K, reserved 1114112K
  class space    used 2008K, committed 2176K, reserved 1048576K
}
Event: 4.921 GC heap after
{Heap after GC invocations=2 (full 0):
 garbage-first heap   total 61440K, used 12871K [0x00000000c4c00000, 0x0000000100000000)
  region size 1024K, 2 young (2048K), 2 survivors (2048K)
 Metaspace       used 18793K, committed 19136K, reserved 1114112K
  class space    used 2008K, committed 2176K, reserved 1048576K
}

Dll operation events (6 events):
Event: 0.013 Loaded shared library C:\Users\kiran\Downloads\eclipse-java-2023-06-R-win32-x86_64\eclipse\plugins\org.eclipse.justj.openjdk.hotspot.jre.full.win32.x86_64_17.0.7.v20230425-1502\jre\bin\java.dll
Event: 0.142 Loaded shared library C:\Users\kiran\Downloads\eclipse-java-2023-06-R-win32-x86_64\eclipse\plugins\org.eclipse.justj.openjdk.hotspot.jre.full.win32.x86_64_17.0.7.v20230425-1502\jre\bin\net.dll
Event: 0.144 Loaded shared library C:\Users\kiran\Downloads\eclipse-java-2023-06-R-win32-x86_64\eclipse\plugins\org.eclipse.justj.openjdk.hotspot.jre.full.win32.x86_64_17.0.7.v20230425-1502\jre\bin\nio.dll
Event: 0.150 Loaded shared library C:\Users\kiran\Downloads\eclipse-java-2023-06-R-win32-x86_64\eclipse\plugins\org.eclipse.justj.openjdk.hotspot.jre.full.win32.x86_64_17.0.7.v20230425-1502\jre\bin\zip.dll
Event: 0.219 Loaded shared library C:\Users\kiran\Downloads\eclipse-java-2023-06-R-win32-x86_64\eclipse\plugins\org.eclipse.justj.openjdk.hotspot.jre.full.win32.x86_64_17.0.7.v20230425-1502\jre\bin\jimage.dll
Event: 1.546 Loaded shared library C:\Users\kiran\Downloads\eclipse-java-2023-06-R-win32-x86_64\eclipse\plugins\org.eclipse.justj.openjdk.hotspot.jre.full.win32.x86_64_17.0.7.v20230425-1502\jre\bin\sunmscapi.dll

Deoptimization events (20 events):
Event: 2.137 Thread 0x000001412af3a540 DEOPT PACKING pc=0x00000141192d53ac sp=0x0000002bf85fdb90
Event: 2.137 Thread 0x000001412af3a540 DEOPT UNPACKING pc=0x0000014118d169a3 sp=0x0000002bf85fdb18 mode 2
Event: 2.137 Thread 0x000001412af3a540 Uncommon trap: trap_request=0xffffffde fr.pc=0x00000141192d53ac relative=0x000000000000010c
Event: 2.137 Thread 0x000001412af3a540 Uncommon trap: reason=class_check action=maybe_recompile pc=0x00000141192d53ac method=jdk.internal.misc.Unsafe.allocateUninitializedArray(Ljava/lang/Class;I)Ljava/lang/Object; @ 51 c2
Event: 2.137 Thread 0x000001412af3a540 DEOPT PACKING pc=0x00000141192d53ac sp=0x0000002bf85fdb90
Event: 2.137 Thread 0x000001412af3a540 DEOPT UNPACKING pc=0x0000014118d169a3 sp=0x0000002bf85fdb18 mode 2
Event: 2.145 Thread 0x000001412aed65d0 Uncommon trap: trap_request=0xffffff45 fr.pc=0x00000141192c199c relative=0x000000000000015c
Event: 2.145 Thread 0x000001412aed65d0 Uncommon trap: reason=unstable_if action=reinterpret pc=0x00000141192c199c method=java.lang.invoke.VarHandle.checkExactAccessMode(Ljava/lang/invoke/VarHandle$AccessDescriptor;)V @ 4 c2
Event: 2.145 Thread 0x000001412aed65d0 DEOPT PACKING pc=0x00000141192c199c sp=0x0000002bf7efeff0
Event: 2.145 Thread 0x000001412aed65d0 DEOPT UNPACKING pc=0x0000014118d169a3 sp=0x0000002bf7efef30 mode 2
Event: 2.147 Thread 0x000001412aed65d0 Uncommon trap: trap_request=0xffffff45 fr.pc=0x00000141192b0eac relative=0x000000000000016c
Event: 2.147 Thread 0x000001412aed65d0 Uncommon trap: reason=unstable_if action=reinterpret pc=0x00000141192b0eac method=java.util.concurrent.ConcurrentHashMap.addCount(JI)V @ 121 c2
Event: 2.147 Thread 0x000001412aed65d0 DEOPT PACKING pc=0x00000141192b0eac sp=0x0000002bf7efee20
Event: 2.147 Thread 0x000001412aed65d0 DEOPT UNPACKING pc=0x0000014118d169a3 sp=0x0000002bf7efed80 mode 2
Event: 5.103 Thread 0x000001410e0f3ac0 DEOPT PACKING pc=0x00000141119f8392 sp=0x0000002bf63fd600
Event: 5.103 Thread 0x000001410e0f3ac0 DEOPT UNPACKING pc=0x0000014118d17143 sp=0x0000002bf63fcb10 mode 0
Event: 5.149 Thread 0x000001410e0f3ac0 Uncommon trap: trap_request=0xffffff45 fr.pc=0x00000141192aa548 relative=0x0000000000000048
Event: 5.149 Thread 0x000001410e0f3ac0 Uncommon trap: reason=unstable_if action=reinterpret pc=0x00000141192aa548 method=java.lang.CharacterData.of(I)Ljava/lang/CharacterData; @ 4 c2
Event: 5.149 Thread 0x000001410e0f3ac0 DEOPT PACKING pc=0x00000141192aa548 sp=0x0000002bf63fdd80
Event: 5.149 Thread 0x000001410e0f3ac0 DEOPT UNPACKING pc=0x0000014118d169a3 sp=0x0000002bf63fdd20 mode 2

Classes unloaded (0 events):
No events

Classes redefined (0 events):
No events

Internal exceptions (20 events):
Event: 1.878 Thread 0x000001410e0f3ac0 Exception <a 'java/lang/NoSuchMethodError'{0x00000000c82bacd8}: 'java.lang.Object java.lang.invoke.DirectMethodHandle$Holder.invokeStaticInit(java.lang.Object, java.lang.Object, int, int, int, int)'> (0x00000000c82bacd8) 
thrown [s\src\hotspot\share\interpreter\linkResolver.cpp, line 759]
Event: 1.966 Thread 0x000001410e0f3ac0 Exception <a 'java/lang/NoSuchMethodError'{0x00000000c80d6ab8}: 'java.lang.Object java.lang.invoke.DirectMethodHandle$Holder.invokeInterface(java.lang.Object, java.lang.Object, java.lang.Object)'> (0x00000000c80d6ab8) 
thrown [s\src\hotspot\share\interpreter\linkResolver.cpp, line 759]
Event: 1.966 Thread 0x000001410e0f3ac0 Exception <a 'java/lang/IncompatibleClassChangeError'{0x00000000c80da180}: Found class java.lang.Object, but interface was expected> (0x00000000c80da180) 
thrown [s\src\hotspot\share\interpreter\linkResolver.cpp, line 826]
Event: 1.967 Thread 0x000001410e0f3ac0 Exception <a 'java/lang/NoSuchMethodError'{0x00000000c80e2380}: 'int java.lang.invoke.DirectMethodHandle$Holder.invokeSpecialIFC(java.lang.Object, java.lang.Object, java.lang.Object, java.lang.Object)'> (0x00000000c80e2380) 
thrown [s\src\hotspot\share\interpreter\linkResolver.cpp, line 759]
Event: 1.969 Thread 0x000001410e0f3ac0 Exception <a 'java/lang/NoSuchMethodError'{0x00000000c7f08330}: 'java.lang.Object java.lang.invoke.DirectMethodHandle$Holder.invokeVirtual(java.lang.Object, java.lang.Object, java.lang.Object, java.lang.Object)'> (0x00000000c7f08330) 
thrown [s\src\hotspot\share\interpreter\linkResolver.cpp, line 759]
Event: 2.002 Thread 0x000001412ae37f50 Exception <a 'java/net/ConnectException'{0x00000000c7f98938}: Connection refused: no further information> (0x00000000c7f98938) 
thrown [s\src\hotspot\share\prims\jni.cpp, line 535]
Event: 2.003 Thread 0x000001412ae37f50 Exception <a 'java/net/SocketException'{0x00000000c7f98c70}: Socket is not connected: shutdown> (0x00000000c7f98c70) 
thrown [s\src\hotspot\share\prims\jni.cpp, line 535]
Event: 2.019 Thread 0x000001412ae37f50 Exception <a 'java/net/ConnectException'{0x00000000c7f99c68}: Connection refused: no further information> (0x00000000c7f99c68) 
thrown [s\src\hotspot\share\prims\jni.cpp, line 535]
Event: 2.020 Thread 0x000001412ae37f50 Exception <a 'java/net/SocketException'{0x00000000c7f99fa0}: Socket is not connected: shutdown> (0x00000000c7f99fa0) 
thrown [s\src\hotspot\share\prims\jni.cpp, line 535]
Event: 2.074 Thread 0x000001410e0f3ac0 Exception <a 'java/lang/NoSuchMethodError'{0x00000000c7e62f98}: 'java.lang.Object java.lang.invoke.DirectMethodHandle$Holder.newInvokeSpecial(java.lang.Object, java.lang.Object, int, int)'> (0x00000000c7e62f98) 
thrown [s\src\hotspot\share\interpreter\linkResolver.cpp, line 759]
Event: 2.075 Thread 0x000001410e0f3ac0 Exception <a 'java/lang/NoSuchMethodError'{0x00000000c7e6de20}: 'void java.lang.invoke.DirectMethodHandle$Holder.invokeStatic(java.lang.Object, java.lang.Object, int)'> (0x00000000c7e6de20) 
thrown [s\src\hotspot\share\interpreter\linkResolver.cpp, line 759]
Event: 2.084 Thread 0x000001410e0f3ac0 Exception <a 'java/lang/NoSuchMethodError'{0x00000000c7ee8d38}: 'java.lang.Object java.lang.invoke.DirectMethodHandle$Holder.newInvokeSpecial(java.lang.Object, java.lang.Object, java.lang.Object, java.lang.Object, java.lang.Object)'> (0x00000000c7ee8d38) 
thrown [s\src\hotspot\share\interpreter\linkResolver.cpp, line 759]
Event: 2.121 Thread 0x000001412af3a540 Exception <a 'java/lang/NoSuchMethodError'{0x00000000c7b1d310}: 'java.lang.Object java.lang.invoke.DirectMethodHandle$Holder.invokeSpecial(java.lang.Object, java.lang.Object, java.lang.Object, java.lang.Object, int)'> (0x00000000c7b1d310) 
thrown [s\src\hotspot\share\interpreter\linkResolver.cpp, line 759]
Event: 2.121 Thread 0x000001412af3a540 Exception <a 'java/lang/NoSuchMethodError'{0x00000000c7b21138}: 'java.lang.Object java.lang.invoke.Invokers$Holder.linkToTargetMethod(java.lang.Object, java.lang.Object, int, java.lang.Object)'> (0x00000000c7b21138) 
thrown [s\src\hotspot\share\interpreter\linkResolver.cpp, line 759]
Event: 2.129 Thread 0x000001412af3a540 Exception <a 'java/lang/NoSuchMethodError'{0x00000000c7bc2570}: 'void java.lang.invoke.DirectMethodHandle$Holder.invokeSpecial(java.lang.Object, java.lang.Object, java.lang.Object)'> (0x00000000c7bc2570) 
thrown [s\src\hotspot\share\interpreter\linkResolver.cpp, line 759]
Event: 2.137 Thread 0x000001412af3a540 Exception <a 'java/lang/NoSuchMethodError'{0x00000000c7a6e6e8}: 'void java.lang.invoke.DirectMethodHandle$Holder.invokeSpecial(java.lang.Object, java.lang.Object, java.lang.Object, java.lang.Object, java.lang.Object)'> (0x00000000c7a6e6e8) 
thrown [s\src\hotspot\share\interpreter\linkResolver.cpp, line 759]
Event: 4.835 Thread 0x000001412af3a540 Exception <a 'java/lang/NoSuchMethodError'{0x00000000c78100d0}: 'void java.lang.invoke.DirectMethodHandle$Holder.invokeSpecial(java.lang.Object, java.lang.Object, java.lang.Object, java.lang.Object, java.lang.Object, java.lang.Object, java.lang.Object)'> (0x00000000c78100d0) 
thrown [s\src\hotspot\share\interpreter\linkResolver.cpp, line 759]
Event: 4.849 Thread 0x000001410e0f3ac0 Exception <a 'java/lang/NoSuchMethodError'{0x00000000c7878710}: 'java.lang.Object java.lang.invoke.DirectMethodHandle$Holder.invokeSpecialIFC(java.lang.Object, java.lang.Object, java.lang.Object)'> (0x00000000c7878710) 
thrown [s\src\hotspot\share\interpreter\linkResolver.cpp, line 759]
Event: 5.110 Thread 0x000001410e0f3ac0 Exception <a 'java/lang/NoSuchMethodError'{0x00000000c84bec60}: 'java.lang.Object java.lang.invoke.DirectMethodHandle$Holder.invokeStatic(java.lang.Object, int, java.lang.Object)'> (0x00000000c84bec60) 
thrown [s\src\hotspot\share\interpreter\linkResolver.cpp, line 759]
Event: 5.182 Thread 0x000001410e0f3ac0 Exception <a 'java/lang/ClassNotFoundException'{0x00000000c833fda0}: sun/util/logging/resources/spi/loggingProvider> (0x00000000c833fda0) 
thrown [s\src\hotspot\share\classfile\systemDictionary.cpp, line 256]

VM Operations (20 events):
Event: 1.641 Executing VM operation: G1CollectForAllocation
Event: 1.650 Executing VM operation: G1CollectForAllocation done
Event: 1.886 Executing VM operation: HandshakeAllThreads
Event: 1.886 Executing VM operation: HandshakeAllThreads done
Event: 2.053 Executing VM operation: HandshakeAllThreads
Event: 2.053 Executing VM operation: HandshakeAllThreads done
Event: 2.053 Executing VM operation: HandshakeAllThreads
Event: 2.053 Executing VM operation: HandshakeAllThreads done
Event: 2.054 Executing VM operation: HandshakeAllThreads
Event: 2.054 Executing VM operation: HandshakeAllThreads done
Event: 3.069 Executing VM operation: Cleanup
Event: 3.070 Executing VM operation: Cleanup done
Event: 4.821 Executing VM operation: HandshakeAllThreads
Event: 4.821 Executing VM operation: HandshakeAllThreads done
Event: 4.821 Executing VM operation: Cleanup
Event: 4.821 Executing VM operation: Cleanup done
Event: 4.908 Executing VM operation: G1CollectForAllocation
Event: 4.922 Executing VM operation: G1CollectForAllocation done
Event: 5.150 Executing VM operation: HandshakeAllThreads
Event: 5.150 Executing VM operation: HandshakeAllThreads done

Events (20 events):
Event: 5.178 loading class java/text/Format$FieldDelegate done
Event: 5.178 loading class java/text/FieldPosition$Delegate done
Event: 5.178 loading class java/text/NumberFormat$Field
Event: 5.179 loading class java/text/Format$Field
Event: 5.179 loading class java/text/AttributedCharacterIterator$Attribute
Event: 5.179 loading class java/text/AttributedCharacterIterator$Attribute done
Event: 5.179 loading class java/text/Format$Field done
Event: 5.179 loading class java/text/NumberFormat$Field done
Event: 5.179 loading class java/text/MessageFormat$Field
Event: 5.180 loading class java/text/MessageFormat$Field done
Event: 5.180 loading class java/util/logging/Level$RbAccess
Event: 5.181 loading class java/util/logging/Level$RbAccess done
Event: 5.181 loading class java/util/ResourceBundle$CacheKey
Event: 5.181 loading class java/util/ResourceBundle$CacheKey done
Event: 5.181 loading class java/util/ResourceBundle$KeyElementReference
Event: 5.182 loading class java/util/ResourceBundle$CacheKeyReference
Event: 5.182 loading class java/util/ResourceBundle$CacheKeyReference done
Event: 5.182 loading class java/util/ResourceBundle$KeyElementReference done
Event: 5.182 loading class java/util/ResourceBundle$3
Event: 5.182 loading class java/util/ResourceBundle$3 done


Dynamic libraries:
0x00007ff613170000 - 0x00007ff61317e000 	C:\Users\kiran\Downloads\eclipse-java-2023-06-R-win32-x86_64\eclipse\plugins\org.eclipse.justj.openjdk.hotspot.jre.full.win32.x86_64_17.0.7.v20230425-1502\jre\bin\javaw.exe
0x00007ffdd5fb0000 - 0x00007ffdd61c7000 	C:\WINDOWS\SYSTEM32\ntdll.dll
0x00007ffdd4fb0000 - 0x00007ffdd5074000 	C:\WINDOWS\System32\KERNEL32.DLL
0x00007ffdd36a0000 - 0x00007ffdd3a4d000 	C:\WINDOWS\System32\KERNELBASE.dll
0x00007ffdd33a0000 - 0x00007ffdd34b1000 	C:\WINDOWS\System32\ucrtbase.dll
0x00007ffdca050000 - 0x00007ffdca069000 	C:\Users\kiran\Downloads\eclipse-java-2023-06-R-win32-x86_64\eclipse\plugins\org.eclipse.justj.openjdk.hotspot.jre.full.win32.x86_64_17.0.7.v20230425-1502\jre\bin\VCRUNTIME140.dll
0x00007ffdc9ff0000 - 0x00007ffdca007000 	C:\Users\kiran\Downloads\eclipse-java-2023-06-R-win32-x86_64\eclipse\plugins\org.eclipse.justj.openjdk.hotspot.jre.full.win32.x86_64_17.0.7.v20230425-1502\jre\bin\jli.dll
0x00007ffdd5100000 - 0x00007ffdd52ae000 	C:\WINDOWS\System32\USER32.dll
0x00007ffdd32d0000 - 0x00007ffdd32f6000 	C:\WINDOWS\System32\win32u.dll
0x00007ffdd42b0000 - 0x00007ffdd42d9000 	C:\WINDOWS\System32\GDI32.dll
0x00007ffdb7100000 - 0x00007ffdb7393000 	C:\WINDOWS\WinSxS\amd64_microsoft.windows.common-controls_6595b64144ccf1df_6.0.22621.3672_none_2713b9d173822955\COMCTL32.dll
0x00007ffdd3a50000 - 0x00007ffdd3b69000 	C:\WINDOWS\System32\gdi32full.dll
0x00007ffdd5b30000 - 0x00007ffdd5bd7000 	C:\WINDOWS\System32\msvcrt.dll
0x00007ffdd3300000 - 0x00007ffdd339a000 	C:\WINDOWS\System32\msvcp_win.dll
0x00007ffdd3d40000 - 0x00007ffdd3d71000 	C:\WINDOWS\System32\IMM32.DLL
0x00007ffdcac40000 - 0x00007ffdcac4c000 	C:\Users\kiran\Downloads\eclipse-java-2023-06-R-win32-x86_64\eclipse\plugins\org.eclipse.justj.openjdk.hotspot.jre.full.win32.x86_64_17.0.7.v20230425-1502\jre\bin\vcruntime140_1.dll
0x00007ffd9e500000 - 0x00007ffd9e591000 	C:\Users\kiran\Downloads\eclipse-java-2023-06-R-win32-x86_64\eclipse\plugins\org.eclipse.justj.openjdk.hotspot.jre.full.win32.x86_64_17.0.7.v20230425-1502\jre\bin\msvcp140.dll
0x00007ffd5fc70000 - 0x00007ffd608b8000 	C:\Users\kiran\Downloads\eclipse-java-2023-06-R-win32-x86_64\eclipse\plugins\org.eclipse.justj.openjdk.hotspot.jre.full.win32.x86_64_17.0.7.v20230425-1502\jre\bin\server\jvm.dll
0x00007ffdd4870000 - 0x00007ffdd4922000 	C:\WINDOWS\System32\ADVAPI32.dll
0x00007ffdd4ed0000 - 0x00007ffdd4f79000 	C:\WINDOWS\System32\sechost.dll
0x00007ffdd34c0000 - 0x00007ffdd34e8000 	C:\WINDOWS\System32\bcrypt.dll
0x00007ffdd4190000 - 0x00007ffdd42a4000 	C:\WINDOWS\System32\RPCRT4.dll
0x00007ffdb9e80000 - 0x00007ffdb9e8a000 	C:\WINDOWS\SYSTEM32\VERSION.dll
0x00007ffdcaba0000 - 0x00007ffdcabd4000 	C:\WINDOWS\SYSTEM32\WINMM.dll
0x00007ffdc9fa0000 - 0x00007ffdc9fa9000 	C:\WINDOWS\SYSTEM32\WSOCK32.dll
0x00007ffdd5080000 - 0x00007ffdd50f1000 	C:\WINDOWS\System32\WS2_32.dll
0x00007ffdd22e0000 - 0x00007ffdd22f8000 	C:\WINDOWS\SYSTEM32\kernel.appcore.dll
0x00007ffdc9f50000 - 0x00007ffdc9f5a000 	C:\Users\kiran\Downloads\eclipse-java-2023-06-R-win32-x86_64\eclipse\plugins\org.eclipse.justj.openjdk.hotspot.jre.full.win32.x86_64_17.0.7.v20230425-1502\jre\bin\jimage.dll
0x00007ffdd0be0000 - 0x00007ffdd0e12000 	C:\WINDOWS\SYSTEM32\DBGHELP.DLL
0x00007ffdd5be0000 - 0x00007ffdd5f6e000 	C:\WINDOWS\System32\combase.dll
0x00007ffdd45a0000 - 0x00007ffdd4677000 	C:\WINDOWS\System32\OLEAUT32.dll
0x00007ffdba440000 - 0x00007ffdba472000 	C:\WINDOWS\SYSTEM32\dbgcore.DLL
0x00007ffdd3620000 - 0x00007ffdd369b000 	C:\WINDOWS\System32\bcryptPrimitives.dll
0x00007ffdc9d70000 - 0x00007ffdc9d95000 	C:\Users\kiran\Downloads\eclipse-java-2023-06-R-win32-x86_64\eclipse\plugins\org.eclipse.justj.openjdk.hotspot.jre.full.win32.x86_64_17.0.7.v20230425-1502\jre\bin\java.dll
0x00007ffdc9d50000 - 0x00007ffdc9d68000 	C:\Users\kiran\Downloads\eclipse-java-2023-06-R-win32-x86_64\eclipse\plugins\org.eclipse.justj.openjdk.hotspot.jre.full.win32.x86_64_17.0.7.v20230425-1502\jre\bin\zip.dll
0x00007ffdd52b0000 - 0x00007ffdd5b17000 	C:\WINDOWS\System32\SHELL32.dll
0x00007ffdd1200000 - 0x00007ffdd1aff000 	C:\WINDOWS\SYSTEM32\windows.storage.dll
0x00007ffdd10c0000 - 0x00007ffdd11ff000 	C:\WINDOWS\SYSTEM32\wintypes.dll
0x00007ffdd44a0000 - 0x00007ffdd4599000 	C:\WINDOWS\System32\SHCORE.dll
0x00007ffdd3d80000 - 0x00007ffdd3dde000 	C:\WINDOWS\System32\shlwapi.dll
0x00007ffdd3200000 - 0x00007ffdd3227000 	C:\WINDOWS\SYSTEM32\profapi.dll
0x00007ffdc9d30000 - 0x00007ffdc9d49000 	C:\Users\kiran\Downloads\eclipse-java-2023-06-R-win32-x86_64\eclipse\plugins\org.eclipse.justj.openjdk.hotspot.jre.full.win32.x86_64_17.0.7.v20230425-1502\jre\bin\net.dll
0x00007ffdcbfd0000 - 0x00007ffdcc106000 	C:\WINDOWS\SYSTEM32\WINHTTP.dll
0x00007ffdd2740000 - 0x00007ffdd27a9000 	C:\WINDOWS\system32\mswsock.dll
0x00007ffdc9d10000 - 0x00007ffdc9d25000 	C:\Users\kiran\Downloads\eclipse-java-2023-06-R-win32-x86_64\eclipse\plugins\org.eclipse.justj.openjdk.hotspot.jre.full.win32.x86_64_17.0.7.v20230425-1502\jre\bin\nio.dll
0x00007ffdd1d90000 - 0x00007ffdd1e88000 	C:\WINDOWS\SYSTEM32\DNSAPI.dll
0x00007ffdd1d60000 - 0x00007ffdd1d8d000 	C:\WINDOWS\SYSTEM32\IPHLPAPI.DLL
0x00007ffdd4860000 - 0x00007ffdd4869000 	C:\WINDOWS\System32\NSI.dll
0x00007ffdc85c0000 - 0x00007ffdc85ca000 	C:\Windows\System32\rasadhlp.dll
0x00007ffdc8680000 - 0x00007ffdc8703000 	C:\WINDOWS\System32\fwpuclnt.dll
0x00007ffdc9cb0000 - 0x00007ffdc9cbe000 	C:\Users\kiran\Downloads\eclipse-java-2023-06-R-win32-x86_64\eclipse\plugins\org.eclipse.justj.openjdk.hotspot.jre.full.win32.x86_64_17.0.7.v20230425-1502\jre\bin\sunmscapi.dll
0x00007ffdd3b70000 - 0x00007ffdd3cd6000 	C:\WINDOWS\System32\CRYPT32.dll
0x00007ffdd2ba0000 - 0x00007ffdd2bce000 	C:\WINDOWS\SYSTEM32\ncrypt.dll
0x00007ffdd2b60000 - 0x00007ffdd2b97000 	C:\WINDOWS\SYSTEM32\NTASN1.dll
0x00007ffdd29e0000 - 0x00007ffdd29fb000 	C:\WINDOWS\SYSTEM32\CRYPTSP.dll
0x00007ffdd2240000 - 0x00007ffdd2275000 	C:\WINDOWS\system32\rsaenh.dll
0x00007ffdd27e0000 - 0x00007ffdd2808000 	C:\WINDOWS\SYSTEM32\USERENV.dll
0x00007ffdd2940000 - 0x00007ffdd294c000 	C:\WINDOWS\SYSTEM32\CRYPTBASE.dll
0x00007ffdcbdd0000 - 0x00007ffdcbde9000 	C:\WINDOWS\SYSTEM32\dhcpcsvc6.DLL
0x00007ffdcb4d0000 - 0x00007ffdcb4ef000 	C:\WINDOWS\SYSTEM32\dhcpcsvc.DLL
0x00007ffda7cc0000 - 0x00007ffda7cc8000 	C:\WINDOWS\system32\wshunix.dll

dbghelp: loaded successfully - version: 4.0.5 - missing functions: none
symbol engine: initialized successfully - sym options: 0x614 - pdb path: .;C:\Users\kiran\Downloads\eclipse-java-2023-06-R-win32-x86_64\eclipse\plugins\org.eclipse.justj.openjdk.hotspot.jre.full.win32.x86_64_17.0.7.v20230425-1502\jre\bin;C:\WINDOWS\SYSTEM32;C:\WINDOWS\WinSxS\amd64_microsoft.windows.common-controls_6595b64144ccf1df_6.0.22621.3672_none_2713b9d173822955;C:\Users\kiran\Downloads\eclipse-java-2023-06-R-win32-x86_64\eclipse\plugins\org.eclipse.justj.openjdk.hotspot.jre.full.win32.x86_64_17.0.7.v20230425-1502\jre\bin\server

VM Arguments:
jvm_args: -Dfile.encoding=UTF-8 -XX:+ShowCodeDetailsInExceptionMessages 
java_command: Product.DeleteProduct
java_class_path (initial): C:\Users\kiran\eclipse-workspace\AdvanceSelenium\target\test-classes;C:\Users\kiran\eclipse-workspace\AdvanceSelenium\target\classes;C:\Users\kiran\.m2\repository\org\seleniumhq\selenium\selenium-java\4.22.0\selenium-java-4.22.0.jar;C:\Users\kiran\.m2\repository\org\seleniumhq\selenium\selenium-api\4.22.0\selenium-api-4.22.0.jar;C:\Users\kiran\.m2\repository\org\seleniumhq\selenium\selenium-chrome-driver\4.22.0\selenium-chrome-driver-4.22.0.jar;C:\Users\kiran\.m2\repository\com\google\auto\service\auto-service-annotations\1.1.1\auto-service-annotations-1.1.1.jar;C:\Users\kiran\.m2\repository\org\seleniumhq\selenium\selenium-chromium-driver\4.22.0\selenium-chromium-driver-4.22.0.jar;C:\Users\kiran\.m2\repository\org\seleniumhq\selenium\selenium-json\4.22.0\selenium-json-4.22.0.jar;C:\Users\kiran\.m2\repository\org\seleniumhq\selenium\selenium-manager\4.22.0\selenium-manager-4.22.0.jar;C:\Users\kiran\.m2\repository\org\seleniumhq\selenium\selenium-devtools-v124\4.22.0\selenium-devtools-v124-4.22.0.jar;C:\Users\kiran\.m2\repository\org\seleniumhq\selenium\selenium-devtools-v125\4.22.0\selenium-devtools-v125-4.22.0.jar;C:\Users\kiran\.m2\repository\org\seleniumhq\selenium\selenium-devtools-v126\4.22.0\selenium-devtools-v126-4.22.0.jar;C:\Users\kiran\.m2\repository\org\seleniumhq\selenium\selenium-devtools-v85\4.22.0\selenium-devtools-v85-4.22.0.jar;C:\Users\kiran\.m2\repository\org\seleniumhq\selenium\selenium-edge-driver\4.22.0\selenium-edge-driver-4.22.0.jar;C:\Users\kiran\.m2\repository\org\seleniumhq\selenium\selenium-firefox-driver\4.22.0\selenium-firefox-driver-4.22.0.jar;C:\Users\kiran\.m2\repository\org\seleniumhq\selenium\selenium-http\4.22.0\selenium-http-4.22.0.jar;C:\Users\kiran\.m2\repository\dev\failsafe\failsafe\3.3.2\failsafe-3.3.2.jar;C:\Users\kiran\.m2\repository\org\seleniumhq\selenium\selenium-ie-driver\4.22.0\selenium-ie-driver-4.22.0.jar;C:\Users\kiran\.m2\repository\org\seleniumhq\selenium\selenium-remote-driver\4.22.0
Launcher Type: SUN_STANDARD

[Global flags]
     intx CICompilerCount                          = 4                                         {product} {ergonomic}
     uint ConcGCThreads                            = 3                                         {product} {ergonomic}
     uint G1ConcRefinementThreads                  = 10                                        {product} {ergonomic}
   size_t G1HeapRegionSize                         = 1048576                                   {product} {ergonomic}
    uintx GCDrainStackTargetSize                   = 64                                        {product} {ergonomic}
   size_t InitialHeapSize                          = 62914560                                  {product} {ergonomic}
   size_t MarkStackSize                            = 4194304                                   {product} {ergonomic}
   size_t MaxHeapSize                              = 994050048                                 {product} {ergonomic}
   size_t MaxNewSize                               = 595591168                                 {product} {ergonomic}
   size_t MinHeapDeltaBytes                        = 1048576                                   {product} {ergonomic}
   size_t MinHeapSize                              = 8388608                                   {product} {ergonomic}
    uintx NonNMethodCodeHeapSize                   = 5839372                                {pd product} {ergonomic}
    uintx NonProfiledCodeHeapSize                  = 122909434                              {pd product} {ergonomic}
    uintx ProfiledCodeHeapSize                     = 122909434                              {pd product} {ergonomic}
    uintx ReservedCodeCacheSize                    = 251658240                              {pd product} {ergonomic}
     bool SegmentedCodeCache                       = true                                      {product} {ergonomic}
     bool ShowCodeDetailsInExceptionMessages       = true                                   {manageable} {command line}
   size_t SoftMaxHeapSize                          = 994050048                              {manageable} {ergonomic}
     bool UseCompressedClassPointers               = true                           {product lp64_product} {ergonomic}
     bool UseCompressedOops                        = true                           {product lp64_product} {ergonomic}
     bool UseG1GC                                  = true                                      {product} {ergonomic}
     bool UseLargePagesIndividualAllocation        = false                                  {pd product} {ergonomic}

Logging:
Log output configuration:
 #0: stdout all=warning uptime,level,tags
 #1: stderr all=off uptime,level,tags

Environment Variables:
JAVA_HOME=C:\Program Files\Java\jdk-21
PATH=C:/Users/kiran/Downloads/eclipse-java-2023-06-R-win32-x86_64/eclipse//plugins/org.eclipse.justj.openjdk.hotspot.jre.full.win32.x86_64_17.0.7.v20230425-1502/jre/bin/server;C:/Users/kiran/Downloads/eclipse-java-2023-06-R-win32-x86_64/eclipse//plugins/org.eclipse.justj.openjdk.hotspot.jre.full.win32.x86_64_17.0.7.v20230425-1502/jre/bin;C:\Program Files\Common Files\Oracle\Java\javapath;C:\WINDOWS\system32;C:\WINDOWS;C:\WINDOWS\System32\Wbem;C:\WINDOWS\System32\WindowsPowerShell\v1.0\;C:\WINDOWS\System32\OpenSSH\;C:\Program Files\Java\jdk-21\bin;C:\Program Files (x86)\MySQL\MySQL Server 5.5\bin;C:\Users\kiran\AppData\Local\Microsoft\WindowsApps;;C:\Program Files\JetBrains\IntelliJ IDEA Community Edition 2024.2.0.2\bin;;C:\Users\kiran\Downloads\eclipse-java-2023-06-R-win32-x86_64\eclipse;
USERNAME=kiran
OS=Windows_NT
PROCESSOR_IDENTIFIER=Intel64 Family 6 Model 154 Stepping 4, GenuineIntel
TMP=C:\Users\kiran\AppData\Local\Temp
TEMP=C:\Users\kiran\AppData\Local\Temp



---------------  S Y S T E M  ---------------

OS:
 Windows 11 , 64 bit Build 22621 (10.0.22621.3958)
OS uptime: 4 days 3:19 hours
Hyper-V role detected

CPU: total 12 (initial active 12) (6 cores per cpu, 2 threads per core) family 6 model 154 stepping 4 microcode 0x41b, cx8, cmov, fxsr, ht, mmx, 3dnowpref, sse, sse2, sse3, ssse3, sse4.1, sse4.2, popcnt, lzcnt, tsc, tscinvbit, avx, avx2, aes, erms, clmul, bmi1, bmi2, adx, sha, fma, vzeroupper, clflush, clflushopt, clwb, hv

Memory: 4k page, system-wide physical 3790M (16M free)
TotalPageFile size 15566M (AvailPageFile size 2M)
current process WorkingSet (physical memory assigned to process): 77M, peak: 98M
current process commit charge ("private bytes"): 182M, peak: 182M

vm_info: OpenJDK 64-Bit Server VM (17.0.7+7) for windows-amd64 JRE (17.0.7+7), built on Apr 18 2023 22:10:42 by "temurin" with MS VC++ 16.7 (VS2019)

END.
